{"/home/travis/build/npmtest/node-npmtest-tldr/test.js":{"path":"/home/travis/build/npmtest/node-npmtest-tldr/test.js","s":{"1":2,"2":2,"3":2,"4":2,"5":2,"6":2,"7":2,"8":1,"9":2,"10":2,"11":1,"12":1,"13":1,"14":1,"15":2,"16":2,"17":2,"18":2,"19":1,"20":1,"21":2,"22":2,"23":2,"24":1,"25":1,"26":1,"27":1,"28":1,"29":1,"30":1,"31":1,"32":1,"33":1,"34":1,"35":1,"36":1,"37":1,"38":1,"39":2,"40":2,"41":1,"42":2,"43":2,"44":1,"45":2,"46":2,"47":1,"48":2,"49":2,"50":1,"51":1,"52":1,"53":1,"54":1},"b":{"1":[2,1,1,1],"2":[1,1,1,1],"3":[1,1],"4":[1,1],"5":[1,1],"6":[1,1],"7":[1,1],"8":[1,1],"9":[1,1],"10":[1,1,1],"11":[1,1],"12":[1,1],"13":[1,1],"14":[1,1],"15":[1,1],"16":[1,1],"17":[1,1]},"f":{"1":2,"2":2,"3":2,"4":2,"5":2,"6":1,"7":1,"8":1,"9":2,"10":2,"11":2,"12":2,"13":1},"fnMap":{"1":{"name":"(anonymous_1)","line":12,"loc":{"start":{"line":12,"column":1},"end":{"line":12,"column":13}}},"2":{"name":"(anonymous_2)","line":19,"loc":{"start":{"line":19,"column":5},"end":{"line":19,"column":17}}},"3":{"name":"(anonymous_3)","line":23,"loc":{"start":{"line":23,"column":24},"end":{"line":23,"column":36}}},"4":{"name":"(anonymous_4)","line":61,"loc":{"start":{"line":61,"column":5},"end":{"line":61,"column":17}}},"5":{"name":"(anonymous_5)","line":82,"loc":{"start":{"line":82,"column":5},"end":{"line":82,"column":17}}},"6":{"name":"(anonymous_6)","line":91,"loc":{"start":{"line":91,"column":77},"end":{"line":94,"column":10}}},"7":{"name":"(anonymous_7)","line":112,"loc":{"start":{"line":112,"column":83},"end":{"line":115,"column":10}},"skip":true},"8":{"name":"(anonymous_8)","line":123,"loc":{"start":{"line":123,"column":77},"end":{"line":126,"column":10}},"skip":true},"9":{"name":"(anonymous_9)","line":139,"loc":{"start":{"line":139,"column":12},"end":{"line":139,"column":40}},"skip":true},"10":{"name":"(anonymous_10)","line":147,"loc":{"start":{"line":147,"column":77},"end":{"line":150,"column":10}},"skip":true},"11":{"name":"(anonymous_11)","line":158,"loc":{"start":{"line":158,"column":83},"end":{"line":161,"column":10}},"skip":true},"12":{"name":"(anonymous_12)","line":169,"loc":{"start":{"line":169,"column":79},"end":{"line":172,"column":10}},"skip":true},"13":{"name":"(anonymous_13)","line":180,"loc":{"start":{"line":180,"column":75},"end":{"line":183,"column":10}},"skip":true}},"statementMap":{"1":{"start":{"line":12,"column":0},"end":{"line":195,"column":5}},"2":{"start":{"line":14,"column":4},"end":{"line":14,"column":14}},"3":{"start":{"line":19,"column":4},"end":{"line":56,"column":9}},"4":{"start":{"line":21,"column":8},"end":{"line":21,"column":19}},"5":{"start":{"line":23,"column":8},"end":{"line":35,"column":13}},"6":{"start":{"line":24,"column":12},"end":{"line":34,"column":13}},"7":{"start":{"line":25,"column":16},"end":{"line":28,"column":30}},"8":{"start":{"line":30,"column":16},"end":{"line":33,"column":27}},"9":{"start":{"line":37,"column":8},"end":{"line":39,"column":21}},"10":{"start":{"line":40,"column":8},"end":{"line":53,"column":9}},"11":{"start":{"line":43,"column":12},"end":{"line":46,"column":14}},"12":{"start":{"line":47,"column":12},"end":{"line":47,"column":18}},"13":{"start":{"line":50,"column":12},"end":{"line":51,"column":46}},"14":{"start":{"line":52,"column":12},"end":{"line":52,"column":18}},"15":{"start":{"line":55,"column":8},"end":{"line":55,"column":35}},"16":{"start":{"line":61,"column":4},"end":{"line":63,"column":9}},"17":{"start":{"line":62,"column":8},"end":{"line":62,"column":15}},"18":{"start":{"line":64,"column":4},"end":{"line":77,"column":5}},"19":{"start":{"line":70,"column":8},"end":{"line":70,"column":14}},"20":{"start":{"line":76,"column":8},"end":{"line":76,"column":14}},"21":{"start":{"line":82,"column":4},"end":{"line":84,"column":9}},"22":{"start":{"line":83,"column":8},"end":{"line":83,"column":15}},"23":{"start":{"line":85,"column":4},"end":{"line":194,"column":5}},"24":{"start":{"line":91,"column":8},"end":{"line":99,"column":10}},"25":{"start":{"line":98,"column":12},"end":{"line":98,"column":35}},"26":{"start":{"line":102,"column":8},"end":{"line":104,"column":63}},"27":{"start":{"line":105,"column":8},"end":{"line":105,"column":14}},"28":{"start":{"line":112,"column":8},"end":{"line":121,"column":10},"skip":true},"29":{"start":{"line":119,"column":12},"end":{"line":119,"column":55},"skip":true},"30":{"start":{"line":120,"column":12},"end":{"line":120,"column":48},"skip":true},"31":{"start":{"line":123,"column":8},"end":{"line":136,"column":10},"skip":true},"32":{"start":{"line":130,"column":12},"end":{"line":130,"column":76},"skip":true},"33":{"start":{"line":131,"column":12},"end":{"line":131,"column":73},"skip":true},"34":{"start":{"line":132,"column":12},"end":{"line":132,"column":74},"skip":true},"35":{"start":{"line":133,"column":12},"end":{"line":133,"column":79},"skip":true},"36":{"start":{"line":134,"column":12},"end":{"line":134,"column":25},"skip":true},"37":{"start":{"line":135,"column":12},"end":{"line":135,"column":45},"skip":true},"38":{"start":{"line":138,"column":8},"end":{"line":145,"column":14},"skip":true},"39":{"start":{"line":143,"column":16},"end":{"line":143,"column":29},"skip":true},"40":{"start":{"line":144,"column":16},"end":{"line":144,"column":55},"skip":true},"41":{"start":{"line":147,"column":8},"end":{"line":156,"column":10},"skip":true},"42":{"start":{"line":154,"column":12},"end":{"line":154,"column":25},"skip":true},"43":{"start":{"line":155,"column":12},"end":{"line":155,"column":45},"skip":true},"44":{"start":{"line":158,"column":8},"end":{"line":167,"column":10},"skip":true},"45":{"start":{"line":165,"column":12},"end":{"line":165,"column":25},"skip":true},"46":{"start":{"line":166,"column":12},"end":{"line":166,"column":48},"skip":true},"47":{"start":{"line":169,"column":8},"end":{"line":178,"column":10},"skip":true},"48":{"start":{"line":176,"column":12},"end":{"line":176,"column":25},"skip":true},"49":{"start":{"line":177,"column":12},"end":{"line":177,"column":46},"skip":true},"50":{"start":{"line":180,"column":8},"end":{"line":189,"column":10},"skip":true},"51":{"start":{"line":187,"column":12},"end":{"line":187,"column":94},"skip":true},"52":{"start":{"line":188,"column":12},"end":{"line":188,"column":48},"skip":true},"53":{"start":{"line":192,"column":8},"end":{"line":192,"column":35},"skip":true},"54":{"start":{"line":193,"column":8},"end":{"line":193,"column":14},"skip":true}},"branchMap":{"1":{"line":25,"type":"binary-expr","locations":[{"start":{"line":25,"column":23},"end":{"line":25,"column":62}},{"start":{"line":26,"column":20},"end":{"line":26,"column":70}},{"start":{"line":27,"column":20},"end":{"line":27,"column":71}},{"start":{"line":28,"column":20},"end":{"line":28,"column":29}}]},"2":{"line":30,"type":"binary-expr","locations":[{"start":{"line":30,"column":23},"end":{"line":30,"column":37}},{"start":{"line":31,"column":20},"end":{"line":31,"column":61}},{"start":{"line":32,"column":20},"end":{"line":32,"column":70}},{"start":{"line":33,"column":20},"end":{"line":33,"column":26}}]},"3":{"line":37,"type":"cond-expr","locations":[{"start":{"line":38,"column":14},"end":{"line":38,"column":20}},{"start":{"line":39,"column":14},"end":{"line":39,"column":20}}]},"4":{"line":40,"type":"switch","locations":[{"start":{"line":42,"column":8},"end":{"line":47,"column":18}},{"start":{"line":49,"column":8},"end":{"line":52,"column":18}}]},"5":{"line":44,"type":"binary-expr","locations":[{"start":{"line":44,"column":16},"end":{"line":44,"column":44}},{"start":{"line":44,"column":48},"end":{"line":44,"column":66}}]},"6":{"line":50,"type":"binary-expr","locations":[{"start":{"line":50,"column":21},"end":{"line":50,"column":49}},{"start":{"line":50,"column":53},"end":{"line":50,"column":72}}]},"7":{"line":64,"type":"switch","locations":[{"start":{"line":69,"column":4},"end":{"line":70,"column":14}},{"start":{"line":75,"column":4},"end":{"line":76,"column":14}}]},"8":{"line":85,"type":"switch","locations":[{"start":{"line":90,"column":4},"end":{"line":105,"column":14}},{"start":{"line":111,"column":4},"end":{"line":193,"column":14},"skip":true}]},"9":{"line":91,"type":"binary-expr","locations":[{"start":{"line":91,"column":42},"end":{"line":91,"column":73}},{"start":{"line":91,"column":77},"end":{"line":99,"column":9}}]},"10":{"line":102,"type":"binary-expr","locations":[{"start":{"line":102,"column":18},"end":{"line":102,"column":32}},{"start":{"line":103,"column":12},"end":{"line":103,"column":53}},{"start":{"line":104,"column":12},"end":{"line":104,"column":61}}]},"11":{"line":112,"type":"binary-expr","locations":[{"start":{"line":112,"column":45},"end":{"line":112,"column":79},"skip":true},{"start":{"line":112,"column":83},"end":{"line":121,"column":9},"skip":true}]},"12":{"line":123,"type":"binary-expr","locations":[{"start":{"line":123,"column":42},"end":{"line":123,"column":73},"skip":true},{"start":{"line":123,"column":77},"end":{"line":136,"column":9},"skip":true}]},"13":{"line":138,"type":"binary-expr","locations":[{"start":{"line":138,"column":48},"end":{"line":138,"column":85},"skip":true},{"start":{"line":139,"column":12},"end":{"line":145,"column":13},"skip":true}]},"14":{"line":147,"type":"binary-expr","locations":[{"start":{"line":147,"column":42},"end":{"line":147,"column":73},"skip":true},{"start":{"line":147,"column":77},"end":{"line":156,"column":9},"skip":true}]},"15":{"line":158,"type":"binary-expr","locations":[{"start":{"line":158,"column":45},"end":{"line":158,"column":79},"skip":true},{"start":{"line":158,"column":83},"end":{"line":167,"column":9},"skip":true}]},"16":{"line":169,"type":"binary-expr","locations":[{"start":{"line":169,"column":43},"end":{"line":169,"column":75},"skip":true},{"start":{"line":169,"column":79},"end":{"line":178,"column":9},"skip":true}]},"17":{"line":180,"type":"binary-expr","locations":[{"start":{"line":180,"column":41},"end":{"line":180,"column":71},"skip":true},{"start":{"line":180,"column":75},"end":{"line":189,"column":9},"skip":true}]}},"code":["/* istanbul instrument in package npmtest_tldr */","/*jslint","    bitwise: true,","    browser: true,","    maxerr: 8,","    maxlen: 96,","    node: true,","    nomen: true,","    regexp: true,","    stupid: true","*/","(function () {","    'use strict';","    var local;","","","","    // run shared js-env code - pre-init","    (function () {","        // init local","        local = {};","        // init modeJs","        local.modeJs = (function () {","            try {","                return typeof navigator.userAgent === 'string' &&","                    typeof document.querySelector('body') === 'object' &&","                    typeof XMLHttpRequest.prototype.open === 'function' &&","                    'browser';","            } catch (errorCaughtBrowser) {","                return module.exports &&","                    typeof process.versions.node === 'string' &&","                    typeof require('http').createServer === 'function' &&","                    'node';","            }","        }());","        // init global","        local.global = local.modeJs === 'browser'","            ? window","            : global;","        switch (local.modeJs) {","        // re-init local from window.local","        case 'browser':","            local = local.global.utility2.objectSetDefault(","                local.global.utility2_rollup || local.global.local,","                local.global.utility2","            );","            break;","        // re-init local from example.js","        case 'node':","            local = (local.global.utility2_rollup || require('utility2'))","                .requireExampleJsFromReadme();","            break;","        }","        // export local","        local.global.local = local;","    }());","","","","    // run shared js-env code - function","    (function () {","        return;","    }());","    switch (local.modeJs) {","","","","    // run browser js-env code - function","    case 'browser':","        break;","","","","    // run node js-env code - function","    case 'node':","        break;","    }","","","","    // run shared js-env code - post-init","    (function () {","        return;","    }());","    switch (local.modeJs) {","","","","    // run browser js-env code - post-init","    case 'browser':","        local.testCase_browser_nullCase = local.testCase_browser_nullCase || function (","            options,","            onError","        ) {","        /*","         * this function will test browsers's null-case handling-behavior-behavior","         */","            onError(null, options);","        };","","        // run tests","        local.nop(local.modeTest &&","            document.querySelector('#testRunButton1') &&","            document.querySelector('#testRunButton1').click());","        break;","","","","    // run node js-env code - post-init","    /* istanbul ignore next */","    case 'node':","        local.testCase_buildApidoc_default = local.testCase_buildApidoc_default || function (","            options,","            onError","        ) {","        /*","         * this function will test buildApidoc's default handling-behavior-behavior","         */","            options = { modulePathList: module.paths };","            local.buildApidoc(options, onError);","        };","","        local.testCase_buildApp_default = local.testCase_buildApp_default || function (","            options,","            onError","        ) {","        /*","         * this function will test buildApp's default handling-behavior-behavior","         */","            local.testCase_buildReadme_default(options, local.onErrorThrow);","            local.testCase_buildLib_default(options, local.onErrorThrow);","            local.testCase_buildTest_default(options, local.onErrorThrow);","            local.testCase_buildCustomOrg_default(options, local.onErrorThrow);","            options = [];","            local.buildApp(options, onError);","        };","","        local.testCase_buildCustomOrg_default = local.testCase_buildCustomOrg_default ||","            function (options, onError) {","            /*","             * this function will test buildCustomOrg's default handling-behavior","             */","                options = {};","                local.buildCustomOrg(options, onError);","            };","","        local.testCase_buildLib_default = local.testCase_buildLib_default || function (","            options,","            onError","        ) {","        /*","         * this function will test buildLib's default handling-behavior","         */","            options = {};","            local.buildLib(options, onError);","        };","","        local.testCase_buildReadme_default = local.testCase_buildReadme_default || function (","            options,","            onError","        ) {","        /*","         * this function will test buildReadme's default handling-behavior-behavior","         */","            options = {};","            local.buildReadme(options, onError);","        };","","        local.testCase_buildTest_default = local.testCase_buildTest_default || function (","            options,","            onError","        ) {","        /*","         * this function will test buildTest's default handling-behavior","         */","            options = {};","            local.buildTest(options, onError);","        };","","        local.testCase_webpage_default = local.testCase_webpage_default || function (","            options,","            onError","        ) {","        /*","         * this function will test webpage's default handling-behavior","         */","            options = { modeCoverageMerge: true, url: local.serverLocalHost + '?modeTest=1' };","            local.browserTest(options, onError);","        };","","        // run test-server","        local.testRunServer(local);","        break;","    }","}());",""],"l":{"12":2,"14":2,"19":2,"21":2,"23":2,"24":2,"25":2,"30":1,"37":2,"40":2,"43":1,"47":1,"50":1,"52":1,"55":2,"61":2,"62":2,"64":2,"70":1,"76":1,"82":2,"83":2,"85":2,"91":1,"98":1,"102":1,"105":1,"112":1,"119":1,"120":1,"123":1,"130":1,"131":1,"132":1,"133":1,"134":1,"135":1,"138":1,"143":2,"144":2,"147":1,"154":2,"155":2,"158":1,"165":2,"166":2,"169":1,"176":2,"177":2,"180":1,"187":1,"188":1,"192":1,"193":1}},"/home/travis/build/npmtest/node-npmtest-tldr/lib.npmtest_tldr.js":{"path":"/home/travis/build/npmtest/node-npmtest-tldr/lib.npmtest_tldr.js","s":{"1":2,"2":2,"3":2,"4":2,"5":2,"6":2,"7":2,"8":1,"9":2,"10":2,"11":2,"12":2,"13":1,"14":1,"15":1,"16":1},"b":{"1":[2,1,1,1],"2":[1,1,1,1],"3":[1,1],"4":[2,2],"5":[1,1]},"f":{"1":2,"2":2,"3":2},"fnMap":{"1":{"name":"(anonymous_1)","line":12,"loc":{"start":{"line":12,"column":1},"end":{"line":12,"column":13}}},"2":{"name":"(anonymous_2)","line":19,"loc":{"start":{"line":19,"column":5},"end":{"line":19,"column":17}}},"3":{"name":"(anonymous_3)","line":23,"loc":{"start":{"line":23,"column":24},"end":{"line":23,"column":36}}}},"statementMap":{"1":{"start":{"line":12,"column":0},"end":{"line":53,"column":5}},"2":{"start":{"line":14,"column":4},"end":{"line":14,"column":14}},"3":{"start":{"line":19,"column":4},"end":{"line":52,"column":9}},"4":{"start":{"line":21,"column":8},"end":{"line":21,"column":19}},"5":{"start":{"line":23,"column":8},"end":{"line":35,"column":13}},"6":{"start":{"line":24,"column":12},"end":{"line":34,"column":13}},"7":{"start":{"line":25,"column":16},"end":{"line":28,"column":30}},"8":{"start":{"line":30,"column":16},"end":{"line":33,"column":27}},"9":{"start":{"line":37,"column":8},"end":{"line":39,"column":21}},"10":{"start":{"line":41,"column":8},"end":{"line":41,"column":54}},"11":{"start":{"line":43,"column":8},"end":{"line":43,"column":49}},"12":{"start":{"line":45,"column":8},"end":{"line":51,"column":9}},"13":{"start":{"line":46,"column":12},"end":{"line":46,"column":55}},"14":{"start":{"line":48,"column":12},"end":{"line":48,"column":35}},"15":{"start":{"line":49,"column":12},"end":{"line":49,"column":49}},"16":{"start":{"line":50,"column":12},"end":{"line":50,"column":43}}},"branchMap":{"1":{"line":25,"type":"binary-expr","locations":[{"start":{"line":25,"column":23},"end":{"line":25,"column":62}},{"start":{"line":26,"column":20},"end":{"line":26,"column":70}},{"start":{"line":27,"column":20},"end":{"line":27,"column":71}},{"start":{"line":28,"column":20},"end":{"line":28,"column":29}}]},"2":{"line":30,"type":"binary-expr","locations":[{"start":{"line":30,"column":23},"end":{"line":30,"column":37}},{"start":{"line":31,"column":20},"end":{"line":31,"column":61}},{"start":{"line":32,"column":20},"end":{"line":32,"column":70}},{"start":{"line":33,"column":20},"end":{"line":33,"column":26}}]},"3":{"line":37,"type":"cond-expr","locations":[{"start":{"line":38,"column":14},"end":{"line":38,"column":20}},{"start":{"line":39,"column":14},"end":{"line":39,"column":20}}]},"4":{"line":41,"type":"binary-expr","locations":[{"start":{"line":41,"column":16},"end":{"line":41,"column":44}},{"start":{"line":41,"column":48},"end":{"line":41,"column":53}}]},"5":{"line":45,"type":"if","locations":[{"start":{"line":45,"column":8},"end":{"line":45,"column":8}},{"start":{"line":45,"column":8},"end":{"line":45,"column":8}}]}},"code":["/* istanbul instrument in package npmtest_tldr */","/*jslint","    bitwise: true,","    browser: true,","    maxerr: 8,","    maxlen: 96,","    node: true,","    nomen: true,","    regexp: true,","    stupid: true","*/","(function () {","    'use strict';","    var local;","","","","    // run shared js-env code - pre-init","    (function () {","        // init local","        local = {};","        // init modeJs","        local.modeJs = (function () {","            try {","                return typeof navigator.userAgent === 'string' &&","                    typeof document.querySelector('body') === 'object' &&","                    typeof XMLHttpRequest.prototype.open === 'function' &&","                    'browser';","            } catch (errorCaughtBrowser) {","                return module.exports &&","                    typeof process.versions.node === 'string' &&","                    typeof require('http').createServer === 'function' &&","                    'node';","            }","        }());","        // init global","        local.global = local.modeJs === 'browser'","            ? window","            : global;","        // init utility2_rollup","        local = local.global.utility2_rollup || local;","        // init lib","        local.local = local.npmtest_tldr = local;","        // init exports","        if (local.modeJs === 'browser') {","            local.global.utility2_npmtest_tldr = local;","        } else {","            module.exports = local;","            module.exports.__dirname = __dirname;","            module.exports.module = module;","        }","    }());","}());",""],"l":{"12":2,"14":2,"19":2,"21":2,"23":2,"24":2,"25":2,"30":1,"37":2,"41":2,"43":2,"45":2,"46":1,"48":1,"49":1,"50":1}},"/home/travis/build/npmtest/node-npmtest-tldr/example.js":{"path":"/home/travis/build/npmtest/node-npmtest-tldr/example.js","s":{"1":2,"2":2,"3":2,"4":2,"5":2,"6":2,"7":2,"8":1,"9":2,"10":2,"11":2,"12":2,"13":1,"14":2,"15":2,"16":2,"17":2,"18":2,"19":0,"20":2,"21":1,"22":1,"23":1,"24":1,"25":1,"26":0,"27":0,"28":1,"29":1,"30":2,"31":0,"32":0,"33":0,"34":1,"35":2,"36":2,"37":3,"38":3,"39":3,"40":3,"41":0,"42":3,"43":3,"44":3,"45":1,"46":3,"47":1,"48":1,"49":1,"50":1,"51":1,"52":1,"53":1,"54":1,"55":1,"56":1,"57":0,"58":1,"59":6,"60":6,"61":1,"62":2,"63":0,"64":2,"65":1,"66":1,"67":0,"68":0,"69":0,"70":0,"71":0,"72":0,"73":0,"74":0,"75":0,"76":0,"77":0,"78":0,"79":0,"80":0,"81":0,"82":0,"83":0},"b":{"1":[2,1,1,1],"2":[1,1,1,1],"3":[1,1],"4":[2,2],"5":[1,1],"6":[1,1],"7":[2,0],"8":[2,1,1,1,1,1],"9":[0,2,0],"10":[1,1],"11":[2,1,1],"12":[1,0],"13":[0,2],"14":[2,0,0,0,0,0,0],"15":[0,3],"16":[3,0],"17":[1,1],"18":[0,1],"19":[1,2,0,2],"20":[1,0],"21":[1,1],"22":[0,0],"23":[0,0],"24":[0,0],"25":[0,0],"26":[0,0],"27":[0,0],"28":[0,0]},"f":{"1":2,"2":2,"3":2,"4":2,"5":2,"6":2,"7":3,"8":3,"9":3,"10":1,"11":6,"12":0},"fnMap":{"1":{"name":"(anonymous_1)","line":26,"loc":{"start":{"line":26,"column":1},"end":{"line":26,"column":13}}},"2":{"name":"(anonymous_2)","line":33,"loc":{"start":{"line":33,"column":5},"end":{"line":33,"column":17}}},"3":{"name":"(anonymous_3)","line":37,"loc":{"start":{"line":37,"column":24},"end":{"line":37,"column":36}}},"4":{"name":"(anonymous_4)","line":69,"loc":{"start":{"line":69,"column":31},"end":{"line":69,"column":48}},"skip":true},"5":{"name":"(anonymous_5)","line":78,"loc":{"start":{"line":78,"column":26},"end":{"line":78,"column":45}},"skip":true},"6":{"name":"(anonymous_6)","line":123,"loc":{"start":{"line":123,"column":33},"end":{"line":123,"column":48}},"skip":true},"7":{"name":"(anonymous_7)","line":125,"loc":{"start":{"line":125,"column":27},"end":{"line":125,"column":39}},"skip":true},"8":{"name":"(anonymous_8)","line":133,"loc":{"start":{"line":133,"column":59},"end":{"line":133,"column":74}},"skip":true},"9":{"name":"(anonymous_9)","line":143,"loc":{"start":{"line":143,"column":45},"end":{"line":143,"column":62}},"skip":true},"10":{"name":"(anonymous_10)","line":144,"loc":{"start":{"line":144,"column":73},"end":{"line":144,"column":92}},"skip":true},"11":{"name":"(anonymous_11)","line":272,"loc":{"start":{"line":272,"column":51},"end":{"line":272,"column":77}},"skip":true},"12":{"name":"(anonymous_12)","line":315,"loc":{"start":{"line":315,"column":32},"end":{"line":315,"column":61}},"skip":true}},"statementMap":{"1":{"start":{"line":26,"column":0},"end":{"line":326,"column":5}},"2":{"start":{"line":28,"column":4},"end":{"line":28,"column":14}},"3":{"start":{"line":33,"column":4},"end":{"line":60,"column":9}},"4":{"start":{"line":35,"column":8},"end":{"line":35,"column":19}},"5":{"start":{"line":37,"column":8},"end":{"line":49,"column":13}},"6":{"start":{"line":38,"column":12},"end":{"line":48,"column":13}},"7":{"start":{"line":39,"column":16},"end":{"line":42,"column":30}},"8":{"start":{"line":44,"column":16},"end":{"line":47,"column":27}},"9":{"start":{"line":51,"column":8},"end":{"line":53,"column":21}},"10":{"start":{"line":55,"column":8},"end":{"line":57,"column":45}},"11":{"start":{"line":59,"column":8},"end":{"line":59,"column":35}},"12":{"start":{"line":61,"column":4},"end":{"line":325,"column":5}},"13":{"start":{"line":69,"column":8},"end":{"line":121,"column":10},"skip":true},"14":{"start":{"line":70,"column":12},"end":{"line":88,"column":13},"skip":true},"15":{"start":{"line":76,"column":16},"end":{"line":87,"column":19},"skip":true},"16":{"start":{"line":79,"column":20},"end":{"line":86,"column":21},"skip":true},"17":{"start":{"line":82,"column":24},"end":{"line":82,"column":43},"skip":true},"18":{"start":{"line":83,"column":24},"end":{"line":83,"column":30},"skip":true},"19":{"start":{"line":85,"column":24},"end":{"line":85,"column":49},"skip":true},"20":{"start":{"line":89,"column":12},"end":{"line":107,"column":13},"skip":true},"21":{"start":{"line":92,"column":16},"end":{"line":102,"column":17},"skip":true},"22":{"start":{"line":93,"column":20},"end":{"line":93,"column":86},"skip":true},"23":{"start":{"line":94,"column":20},"end":{"line":95,"column":45},"skip":true},"24":{"start":{"line":96,"column":20},"end":{"line":96,"column":42},"skip":true},"25":{"start":{"line":97,"column":20},"end":{"line":97,"column":48},"skip":true},"26":{"start":{"line":100,"column":20},"end":{"line":100,"column":85},"skip":true},"27":{"start":{"line":101,"column":20},"end":{"line":101,"column":96},"skip":true},"28":{"start":{"line":103,"column":16},"end":{"line":103,"column":22},"skip":true},"29":{"start":{"line":106,"column":16},"end":{"line":106,"column":22},"skip":true},"30":{"start":{"line":108,"column":12},"end":{"line":120,"column":13},"skip":true},"31":{"start":{"line":114,"column":16},"end":{"line":119,"column":17},"skip":true},"32":{"start":{"line":116,"column":20},"end":{"line":116,"column":78},"skip":true},"33":{"start":{"line":118,"column":20},"end":{"line":118,"column":47},"skip":true},"34":{"start":{"line":123,"column":8},"end":{"line":141,"column":11},"skip":true},"35":{"start":{"line":124,"column":12},"end":{"line":124,"column":54},"skip":true},"36":{"start":{"line":125,"column":12},"end":{"line":140,"column":14},"skip":true},"37":{"start":{"line":126,"column":16},"end":{"line":126,"column":28},"skip":true},"38":{"start":{"line":127,"column":16},"end":{"line":127,"column":69},"skip":true},"39":{"start":{"line":128,"column":16},"end":{"line":128,"column":75},"skip":true},"40":{"start":{"line":129,"column":16},"end":{"line":131,"column":17},"skip":true},"41":{"start":{"line":130,"column":20},"end":{"line":130,"column":27},"skip":true},"42":{"start":{"line":133,"column":16},"end":{"line":137,"column":36},"skip":true},"43":{"start":{"line":134,"column":20},"end":{"line":136,"column":55},"skip":true},"44":{"start":{"line":139,"column":16},"end":{"line":139,"column":57},"skip":true},"45":{"start":{"line":143,"column":8},"end":{"line":147,"column":11},"skip":true},"46":{"start":{"line":144,"column":12},"end":{"line":146,"column":15},"skip":true},"47":{"start":{"line":145,"column":16},"end":{"line":145,"column":70},"skip":true},"48":{"start":{"line":149,"column":8},"end":{"line":149,"column":31},"skip":true},"49":{"start":{"line":150,"column":8},"end":{"line":150,"column":14},"skip":true},"50":{"start":{"line":158,"column":8},"end":{"line":158,"column":31},"skip":true},"51":{"start":{"line":160,"column":8},"end":{"line":160,"column":33},"skip":true},"52":{"start":{"line":161,"column":8},"end":{"line":161,"column":37},"skip":true},"53":{"start":{"line":162,"column":8},"end":{"line":162,"column":35},"skip":true},"54":{"start":{"line":164,"column":8},"end":{"line":164,"column":50},"skip":true},"55":{"start":{"line":166,"column":8},"end":{"line":256,"column":2},"skip":true},"56":{"start":{"line":258,"column":8},"end":{"line":286,"column":9},"skip":true},"57":{"start":{"line":259,"column":12},"end":{"line":269,"column":14},"skip":true},"58":{"start":{"line":271,"column":12},"end":{"line":285,"column":19},"skip":true},"59":{"start":{"line":274,"column":20},"end":{"line":274,"column":35},"skip":true},"60":{"start":{"line":275,"column":20},"end":{"line":284,"column":21},"skip":true},"61":{"start":{"line":277,"column":24},"end":{"line":277,"column":64},"skip":true},"62":{"start":{"line":279,"column":24},"end":{"line":279,"column":40},"skip":true},"63":{"start":{"line":281,"column":24},"end":{"line":281,"column":40},"skip":true},"64":{"start":{"line":283,"column":24},"end":{"line":283,"column":39},"skip":true},"65":{"start":{"line":288,"column":8},"end":{"line":290,"column":9},"skip":true},"66":{"start":{"line":289,"column":12},"end":{"line":289,"column":18},"skip":true},"67":{"start":{"line":291,"column":8},"end":{"line":293,"column":54},"skip":true},"68":{"start":{"line":296,"column":8},"end":{"line":301,"column":37},"skip":true},"69":{"start":{"line":303,"column":8},"end":{"line":303,"column":82},"skip":true},"70":{"start":{"line":306,"column":8},"end":{"line":308,"column":9},"skip":true},"71":{"start":{"line":307,"column":12},"end":{"line":307,"column":82},"skip":true},"72":{"start":{"line":310,"column":8},"end":{"line":312,"column":9},"skip":true},"73":{"start":{"line":311,"column":12},"end":{"line":311,"column":18},"skip":true},"74":{"start":{"line":313,"column":8},"end":{"line":313,"column":54},"skip":true},"75":{"start":{"line":314,"column":8},"end":{"line":314,"column":69},"skip":true},"76":{"start":{"line":315,"column":8},"end":{"line":323,"column":36},"skip":true},"77":{"start":{"line":316,"column":12},"end":{"line":316,"column":61},"skip":true},"78":{"start":{"line":317,"column":12},"end":{"line":320,"column":13},"skip":true},"79":{"start":{"line":318,"column":16},"end":{"line":318,"column":75},"skip":true},"80":{"start":{"line":319,"column":16},"end":{"line":319,"column":23},"skip":true},"81":{"start":{"line":321,"column":12},"end":{"line":321,"column":38},"skip":true},"82":{"start":{"line":322,"column":12},"end":{"line":322,"column":27},"skip":true},"83":{"start":{"line":324,"column":8},"end":{"line":324,"column":14},"skip":true}},"branchMap":{"1":{"line":39,"type":"binary-expr","locations":[{"start":{"line":39,"column":23},"end":{"line":39,"column":62}},{"start":{"line":40,"column":20},"end":{"line":40,"column":70}},{"start":{"line":41,"column":20},"end":{"line":41,"column":71}},{"start":{"line":42,"column":20},"end":{"line":42,"column":29}}]},"2":{"line":44,"type":"binary-expr","locations":[{"start":{"line":44,"column":23},"end":{"line":44,"column":37}},{"start":{"line":45,"column":20},"end":{"line":45,"column":61}},{"start":{"line":46,"column":20},"end":{"line":46,"column":70}},{"start":{"line":47,"column":20},"end":{"line":47,"column":26}}]},"3":{"line":51,"type":"cond-expr","locations":[{"start":{"line":52,"column":14},"end":{"line":52,"column":20}},{"start":{"line":53,"column":14},"end":{"line":53,"column":20}}]},"4":{"line":55,"type":"binary-expr","locations":[{"start":{"line":55,"column":16},"end":{"line":55,"column":44}},{"start":{"line":55,"column":49},"end":{"line":57,"column":43}}]},"5":{"line":55,"type":"cond-expr","locations":[{"start":{"line":56,"column":14},"end":{"line":56,"column":48}},{"start":{"line":57,"column":14},"end":{"line":57,"column":43}}]},"6":{"line":61,"type":"switch","locations":[{"start":{"line":68,"column":4},"end":{"line":150,"column":14},"skip":true},{"start":{"line":156,"column":4},"end":{"line":324,"column":14},"skip":true}]},"7":{"line":70,"type":"if","locations":[{"start":{"line":70,"column":12},"end":{"line":70,"column":12},"skip":true},{"start":{"line":70,"column":12},"end":{"line":70,"column":12},"skip":true}]},"8":{"line":70,"type":"binary-expr","locations":[{"start":{"line":70,"column":16},"end":{"line":70,"column":22},"skip":true},{"start":{"line":70,"column":27},"end":{"line":70,"column":32},"skip":true},{"start":{"line":71,"column":20},"end":{"line":71,"column":39},"skip":true},{"start":{"line":72,"column":20},"end":{"line":72,"column":49},"skip":true},{"start":{"line":73,"column":20},"end":{"line":73,"column":58},"skip":true},{"start":{"line":74,"column":20},"end":{"line":74,"column":69},"skip":true}]},"9":{"line":79,"type":"switch","locations":[{"start":{"line":80,"column":20},"end":{"line":80,"column":33},"skip":true},{"start":{"line":81,"column":20},"end":{"line":83,"column":30},"skip":true},{"start":{"line":84,"column":20},"end":{"line":85,"column":49},"skip":true}]},"10":{"line":89,"type":"switch","locations":[{"start":{"line":90,"column":12},"end":{"line":103,"column":22},"skip":true},{"start":{"line":105,"column":12},"end":{"line":106,"column":22},"skip":true}]},"11":{"line":89,"type":"binary-expr","locations":[{"start":{"line":89,"column":20},"end":{"line":89,"column":25},"skip":true},{"start":{"line":89,"column":29},"end":{"line":89,"column":48},"skip":true},{"start":{"line":89,"column":52},"end":{"line":89,"column":74},"skip":true}]},"12":{"line":92,"type":"if","locations":[{"start":{"line":92,"column":16},"end":{"line":92,"column":16},"skip":true},{"start":{"line":92,"column":16},"end":{"line":92,"column":16},"skip":true}]},"13":{"line":108,"type":"if","locations":[{"start":{"line":108,"column":12},"end":{"line":108,"column":12},"skip":true},{"start":{"line":108,"column":12},"end":{"line":108,"column":12},"skip":true}]},"14":{"line":108,"type":"binary-expr","locations":[{"start":{"line":108,"column":16},"end":{"line":108,"column":61},"skip":true},{"start":{"line":108,"column":66},"end":{"line":108,"column":72},"skip":true},{"start":{"line":108,"column":77},"end":{"line":108,"column":82},"skip":true},{"start":{"line":109,"column":20},"end":{"line":109,"column":39},"skip":true},{"start":{"line":110,"column":20},"end":{"line":110,"column":49},"skip":true},{"start":{"line":111,"column":20},"end":{"line":111,"column":58},"skip":true},{"start":{"line":112,"column":20},"end":{"line":112,"column":68},"skip":true}]},"15":{"line":129,"type":"if","locations":[{"start":{"line":129,"column":16},"end":{"line":129,"column":16},"skip":true},{"start":{"line":129,"column":16},"end":{"line":129,"column":16},"skip":true}]},"16":{"line":134,"type":"cond-expr","locations":[{"start":{"line":135,"column":26},"end":{"line":135,"column":29},"skip":true},{"start":{"line":136,"column":26},"end":{"line":136,"column":54},"skip":true}]},"17":{"line":164,"type":"binary-expr","locations":[{"start":{"line":164,"column":27},"end":{"line":164,"column":43},"skip":true},{"start":{"line":164,"column":47},"end":{"line":164,"column":49},"skip":true}]},"18":{"line":258,"type":"if","locations":[{"start":{"line":258,"column":8},"end":{"line":258,"column":8},"skip":true},{"start":{"line":258,"column":8},"end":{"line":258,"column":8},"skip":true}]},"19":{"line":275,"type":"switch","locations":[{"start":{"line":276,"column":20},"end":{"line":277,"column":64},"skip":true},{"start":{"line":278,"column":20},"end":{"line":279,"column":40},"skip":true},{"start":{"line":280,"column":20},"end":{"line":281,"column":40},"skip":true},{"start":{"line":282,"column":20},"end":{"line":283,"column":39},"skip":true}]},"20":{"line":288,"type":"if","locations":[{"start":{"line":288,"column":8},"end":{"line":288,"column":8},"skip":true},{"start":{"line":288,"column":8},"end":{"line":288,"column":8},"skip":true}]},"21":{"line":288,"type":"binary-expr","locations":[{"start":{"line":288,"column":12},"end":{"line":288,"column":40},"skip":true},{"start":{"line":288,"column":44},"end":{"line":288,"column":67},"skip":true}]},"22":{"line":292,"type":"binary-expr","locations":[{"start":{"line":292,"column":12},"end":{"line":292,"column":50},"skip":true},{"start":{"line":293,"column":12},"end":{"line":293,"column":53},"skip":true}]},"23":{"line":297,"type":"binary-expr","locations":[{"start":{"line":297,"column":12},"end":{"line":297,"column":62},"skip":true},{"start":{"line":298,"column":12},"end":{"line":301,"column":36},"skip":true}]},"24":{"line":303,"type":"binary-expr","locations":[{"start":{"line":303,"column":43},"end":{"line":303,"column":75},"skip":true},{"start":{"line":303,"column":79},"end":{"line":303,"column":81},"skip":true}]},"25":{"line":306,"type":"if","locations":[{"start":{"line":306,"column":8},"end":{"line":306,"column":8},"skip":true},{"start":{"line":306,"column":8},"end":{"line":306,"column":8},"skip":true}]},"26":{"line":310,"type":"if","locations":[{"start":{"line":310,"column":8},"end":{"line":310,"column":8},"skip":true},{"start":{"line":310,"column":8},"end":{"line":310,"column":8},"skip":true}]},"27":{"line":313,"type":"binary-expr","locations":[{"start":{"line":313,"column":27},"end":{"line":313,"column":43},"skip":true},{"start":{"line":313,"column":47},"end":{"line":313,"column":53},"skip":true}]},"28":{"line":317,"type":"if","locations":[{"start":{"line":317,"column":12},"end":{"line":317,"column":12},"skip":true},{"start":{"line":317,"column":12},"end":{"line":317,"column":12},"skip":true}]}},"code":["/*","example.js","","quickstart example","","instruction","    1. save this script as example.js","    2. run the shell command:","        $ npm install npmtest-tldr && PORT=8081 node example.js","    3. play with the browser-demo on http://127.0.0.1:8081","*/","","","","/* istanbul instrument in package npmtest_tldr */","/*jslint","    bitwise: true,","    browser: true,","    maxerr: 8,","    maxlen: 96,","    node: true,","    nomen: true,","    regexp: true,","    stupid: true","*/","(function () {","    'use strict';","    var local;","","","","    // run shared js-env code - pre-init","    (function () {","        // init local","        local = {};","        // init modeJs","        local.modeJs = (function () {","            try {","                return typeof navigator.userAgent === 'string' &&","                    typeof document.querySelector('body') === 'object' &&","                    typeof XMLHttpRequest.prototype.open === 'function' &&","                    'browser';","            } catch (errorCaughtBrowser) {","                return module.exports &&","                    typeof process.versions.node === 'string' &&","                    typeof require('http').createServer === 'function' &&","                    'node';","            }","        }());","        // init global","        local.global = local.modeJs === 'browser'","            ? window","            : global;","        // init utility2_rollup","        local = local.global.utility2_rollup || (local.modeJs === 'browser'","            ? local.global.utility2_npmtest_tldr","            : global.utility2_moduleExports);","        // export local","        local.global.local = local;","    }());","    switch (local.modeJs) {","","","","    // post-init","    // run browser js-env code - post-init","    /* istanbul ignore next */","    case 'browser':","        local.testRunBrowser = function (event) {","            if (!event || (event &&","                    event.currentTarget &&","                    event.currentTarget.className &&","                    event.currentTarget.className.includes &&","                    event.currentTarget.className.includes('onreset'))) {","                // reset output","                Array.from(","                    document.querySelectorAll('body > .resettable')","                ).forEach(function (element) {","                    switch (element.tagName) {","                    case 'INPUT':","                    case 'TEXTAREA':","                        element.value = '';","                        break;","                    default:","                        element.textContent = '';","                    }","                });","            }","            switch (event && event.currentTarget && event.currentTarget.id) {","            case 'testRunButton1':","                // show tests","                if (document.querySelector('#testReportDiv1').style.display === 'none') {","                    document.querySelector('#testReportDiv1').style.display = 'block';","                    document.querySelector('#testRunButton1').textContent =","                        'hide internal test';","                    local.modeTest = true;","                    local.testRunDefault(local);","                // hide tests","                } else {","                    document.querySelector('#testReportDiv1').style.display = 'none';","                    document.querySelector('#testRunButton1').textContent = 'run internal test';","                }","                break;","            // custom-case","            default:","                break;","            }","            if (document.querySelector('#inputTextareaEval1') && (!event || (event &&","                    event.currentTarget &&","                    event.currentTarget.className &&","                    event.currentTarget.className.includes &&","                    event.currentTarget.className.includes('oneval')))) {","                // try to eval input-code","                try {","                    /*jslint evil: true*/","                    eval(document.querySelector('#inputTextareaEval1').value);","                } catch (errorCaught) {","                    console.error(errorCaught);","                }","            }","        };","        // log stderr and stdout to #outputTextareaStdout1","        ['error', 'log'].forEach(function (key) {","            console[key + '_original'] = console[key];","            console[key] = function () {","                var element;","                console[key + '_original'].apply(console, arguments);","                element = document.querySelector('#outputTextareaStdout1');","                if (!element) {","                    return;","                }","                // append text to #outputTextareaStdout1","                element.value += Array.from(arguments).map(function (arg) {","                    return typeof arg === 'string'","                        ? arg","                        : JSON.stringify(arg, null, 4);","                }).join(' ') + '\\n';","                // scroll textarea to bottom","                element.scrollTop = element.scrollHeight;","            };","        });","        // init event-handling","        ['change', 'click', 'keyup'].forEach(function (event) {","            Array.from(document.querySelectorAll('.on' + event)).forEach(function (element) {","                element.addEventListener(event, local.testRunBrowser);","            });","        });","        // run tests","        local.testRunBrowser();","        break;","","","","    // run node js-env code - post-init","    /* istanbul ignore next */","    case 'node':","        // export local","        module.exports = local;","        // require modules","        local.fs = require('fs');","        local.http = require('http');","        local.url = require('url');","        // init assets","        local.assetsDict = local.assetsDict || {};","        /* jslint-ignore-begin */","        local.assetsDict['/assets.index.template.html'] = '\\","<!doctype html>\\n\\","<html lang=\"en\">\\n\\","<head>\\n\\","<meta charset=\"UTF-8\">\\n\\","<meta name=\"viewport\" content=\"width=device-width, initial-scale=1\">\\n\\","<title>{{env.npm_package_name}} (v{{env.npm_package_version}})</title>\\n\\","<style>\\n\\","/*csslint\\n\\","    box-sizing: false,\\n\\","    universal-selector: false\\n\\","*/\\n\\","* {\\n\\","    box-sizing: border-box;\\n\\","}\\n\\","body {\\n\\","    background: #dde;\\n\\","    font-family: Arial, Helvetica, sans-serif;\\n\\","    margin: 2rem;\\n\\","}\\n\\","body > * {\\n\\","    margin-bottom: 1rem;\\n\\","}\\n\\",".utility2FooterDiv {\\n\\","    margin-top: 20px;\\n\\","    text-align: center;\\n\\","}\\n\\","</style>\\n\\","<style>\\n\\","/*csslint\\n\\","*/\\n\\","textarea {\\n\\","    font-family: monospace;\\n\\","    height: 10rem;\\n\\","    width: 100%;\\n\\","}\\n\\","textarea[readonly] {\\n\\","    background: #ddd;\\n\\","}\\n\\","</style>\\n\\","</head>\\n\\","<body>\\n\\","<!-- utility2-comment\\n\\","<div id=\"ajaxProgressDiv1\" style=\"background: #d00; height: 2px; left: 0; margin: 0; padding: 0; position: fixed; top: 0; transition: background 0.5s, width 1.5s; width: 25%;\"></div>\\n\\","utility2-comment -->\\n\\","<h1>\\n\\","<!-- utility2-comment\\n\\","    <a\\n\\","        {{#if env.npm_package_homepage}}\\n\\","        href=\"{{env.npm_package_homepage}}\"\\n\\","        {{/if env.npm_package_homepage}}\\n\\","        target=\"_blank\"\\n\\","    >\\n\\","utility2-comment -->\\n\\","        {{env.npm_package_name}} (v{{env.npm_package_version}})\\n\\","<!-- utility2-comment\\n\\","    </a>\\n\\","utility2-comment -->\\n\\","</h1>\\n\\","<h3>{{env.npm_package_description}}</h3>\\n\\","<!-- utility2-comment\\n\\","<h4><a download href=\"assets.app.js\">download standalone app</a></h4>\\n\\","<button class=\"onclick onreset\" id=\"testRunButton1\">run internal test</button><br>\\n\\","<div id=\"testReportDiv1\" style=\"display: none;\"></div>\\n\\","utility2-comment -->\\n\\","\\n\\","\\n\\","\\n\\","<label>stderr and stdout</label>\\n\\","<textarea class=\"resettable\" id=\"outputTextareaStdout1\" readonly></textarea>\\n\\","<!-- utility2-comment\\n\\","{{#if isRollup}}\\n\\","<script src=\"assets.app.js\"></script>\\n\\","{{#unless isRollup}}\\n\\","utility2-comment -->\\n\\","<script src=\"assets.utility2.rollup.js\"></script>\\n\\","<script src=\"jsonp.utility2._stateInit?callback=window.utility2._stateInit\"></script>\\n\\","<script src=\"assets.npmtest_tldr.rollup.js\"></script>\\n\\","<script src=\"assets.example.js\"></script>\\n\\","<script src=\"assets.test.js\"></script>\\n\\","<!-- utility2-comment\\n\\","{{/if isRollup}}\\n\\","utility2-comment -->\\n\\","<div class=\"utility2FooterDiv\">\\n\\","    [ this app was created with\\n\\","    <a href=\"https://github.com/kaizhu256/node-utility2\" target=\"_blank\">utility2</a>\\n\\","    ]\\n\\","</div>\\n\\","</body>\\n\\","</html>\\n\\","';","        /* jslint-ignore-end */","        if (local.templateRender) {","            local.assetsDict['/'] = local.templateRender(","                local.assetsDict['/assets.index.template.html'],","                {","                    env: local.objectSetDefault(local.env, {","                        npm_package_description: 'the greatest app in the world!',","                        npm_package_name: 'my-app',","                        npm_package_nameAlias: 'my_app',","                        npm_package_version: '0.0.1'","                    })","                }","            );","        } else {","            local.assetsDict['/'] = local.assetsDict['/assets.index.template.html']","                .replace((/\\{\\{env\\.(\\w+?)\\}\\}/g), function (match0, match1) {","                    // jslint-hack","                    String(match0);","                    switch (match1) {","                    case 'npm_package_description':","                        return 'the greatest app in the world!';","                    case 'npm_package_name':","                        return 'my-app';","                    case 'npm_package_nameAlias':","                        return 'my_app';","                    case 'npm_package_version':","                        return '0.0.1';","                    }","                });","        }","        // run the cli","        if (local.global.utility2_rollup || module !== require.main) {","            break;","        }","        local.assetsDict['/assets.example.js'] =","            local.assetsDict['/assets.example.js'] ||","            local.fs.readFileSync(__filename, 'utf8');","        // bug-workaround - long $npm_package_buildCustomOrg","        /* jslint-ignore-begin */","        local.assetsDict['/assets.npmtest_tldr.rollup.js'] =","            local.assetsDict['/assets.npmtest_tldr.rollup.js'] ||","            local.fs.readFileSync(","                local.npmtest_tldr.__dirname + '/lib.npmtest_tldr.js',","                'utf8'","            ).replace((/^#!/), '//');","        /* jslint-ignore-end */","        local.assetsDict['/favicon.ico'] = local.assetsDict['/favicon.ico'] || '';","        // if $npm_config_timeout_exit exists,","        // then exit this process after $npm_config_timeout_exit ms","        if (Number(process.env.npm_config_timeout_exit)) {","            setTimeout(process.exit, Number(process.env.npm_config_timeout_exit));","        }","        // start server","        if (local.global.utility2_serverHttp1) {","            break;","        }","        process.env.PORT = process.env.PORT || '8081';","        console.error('server starting on port ' + process.env.PORT);","        local.http.createServer(function (request, response) {","            request.urlParsed = local.url.parse(request.url);","            if (local.assetsDict[request.urlParsed.pathname] !== undefined) {","                response.end(local.assetsDict[request.urlParsed.pathname]);","                return;","            }","            response.statusCode = 404;","            response.end();","        }).listen(process.env.PORT);","        break;","    }","}());",""],"l":{"26":2,"28":2,"33":2,"35":2,"37":2,"38":2,"39":2,"44":1,"51":2,"55":2,"59":2,"61":2,"69":1,"70":2,"76":2,"79":2,"82":2,"83":2,"85":1,"89":2,"92":1,"93":1,"94":1,"96":1,"97":1,"100":1,"101":1,"103":1,"106":1,"108":2,"114":1,"116":1,"118":1,"123":1,"124":2,"125":2,"126":3,"127":3,"128":3,"129":3,"130":1,"133":3,"134":3,"139":3,"143":1,"144":3,"145":1,"149":1,"150":1,"158":1,"160":1,"161":1,"162":1,"164":1,"166":1,"258":1,"259":1,"271":1,"274":6,"275":6,"277":1,"279":2,"281":1,"283":2,"288":1,"289":1,"291":1,"296":1,"303":1,"306":1,"307":1,"310":1,"311":1,"313":1,"314":1,"315":1,"316":1,"317":1,"318":1,"319":1,"321":1,"322":1,"324":1}},"/home/travis/build/npmtest/node-npmtest-tldr/node_modules/tldr/bin/tldr":{"path":"/home/travis/build/npmtest/node-npmtest-tldr/node_modules/tldr/bin/tldr","s":{"1":1,"2":1,"3":1,"4":1,"5":1,"6":1,"7":1,"8":1,"9":1,"10":1,"11":1,"12":1,"13":1,"14":1,"15":1,"16":1,"17":1,"18":1,"19":1,"20":1,"21":1,"22":1,"23":1,"24":1,"25":1,"26":1,"27":1,"28":0,"29":1,"30":0,"31":1,"32":0,"33":1,"34":0,"35":0,"36":1,"37":0,"38":1,"39":0,"40":1,"41":0,"42":1,"43":0,"44":1,"45":0,"46":1,"47":0,"48":1,"49":0,"50":1,"51":0,"52":1,"53":0,"54":1,"55":1},"b":{"1":[0,1],"2":[0,1],"3":[0,1],"4":[0,1],"5":[0,0],"6":[0,1],"7":[0,1],"8":[0,1],"9":[0,1],"10":[0,1],"11":[0,1],"12":[0,1],"13":[0,1],"14":[0,1]},"f":{},"fnMap":{},"statementMap":{"1":{"start":{"line":3,"column":0},"end":{"line":3,"column":37}},"2":{"start":{"line":4,"column":0},"end":{"line":4,"column":34}},"3":{"start":{"line":5,"column":0},"end":{"line":5,"column":36}},"4":{"start":{"line":6,"column":0},"end":{"line":6,"column":40}},"5":{"start":{"line":7,"column":0},"end":{"line":7,"column":44}},"6":{"start":{"line":9,"column":0},"end":{"line":32,"column":56}},"7":{"start":{"line":34,"column":0},"end":{"line":53,"column":3}},"8":{"start":{"line":35,"column":2},"end":{"line":35,"column":26}},"9":{"start":{"line":36,"column":2},"end":{"line":36,"column":18}},"10":{"start":{"line":37,"column":2},"end":{"line":37,"column":32}},"11":{"start":{"line":38,"column":2},"end":{"line":38,"column":42}},"12":{"start":{"line":39,"column":2},"end":{"line":39,"column":35}},"13":{"start":{"line":40,"column":2},"end":{"line":40,"column":39}},"14":{"start":{"line":41,"column":2},"end":{"line":41,"column":37}},"15":{"start":{"line":42,"column":2},"end":{"line":42,"column":45}},"16":{"start":{"line":43,"column":2},"end":{"line":43,"column":18}},"17":{"start":{"line":44,"column":2},"end":{"line":44,"column":38}},"18":{"start":{"line":45,"column":2},"end":{"line":45,"column":18}},"19":{"start":{"line":46,"column":2},"end":{"line":46,"column":37}},"20":{"start":{"line":47,"column":2},"end":{"line":47,"column":42}},"21":{"start":{"line":48,"column":2},"end":{"line":48,"column":18}},"22":{"start":{"line":49,"column":2},"end":{"line":49,"column":54}},"23":{"start":{"line":50,"column":2},"end":{"line":50,"column":18}},"24":{"start":{"line":51,"column":2},"end":{"line":51,"column":54}},"25":{"start":{"line":52,"column":2},"end":{"line":52,"column":18}},"26":{"start":{"line":55,"column":0},"end":{"line":55,"column":28}},"27":{"start":{"line":57,"column":0},"end":{"line":59,"column":1}},"28":{"start":{"line":58,"column":2},"end":{"line":58,"column":23}},"29":{"start":{"line":61,"column":0},"end":{"line":63,"column":1}},"30":{"start":{"line":62,"column":2},"end":{"line":62,"column":21}},"31":{"start":{"line":65,"column":0},"end":{"line":67,"column":1}},"32":{"start":{"line":66,"column":2},"end":{"line":66,"column":23}},"33":{"start":{"line":70,"column":0},"end":{"line":74,"column":1}},"34":{"start":{"line":71,"column":2},"end":{"line":73,"column":3}},"35":{"start":{"line":72,"column":4},"end":{"line":72,"column":39}},"36":{"start":{"line":76,"column":0},"end":{"line":79,"column":1}},"37":{"start":{"line":78,"column":2},"end":{"line":78,"column":37}},"38":{"start":{"line":81,"column":0},"end":{"line":100,"column":1}},"39":{"start":{"line":82,"column":2},"end":{"line":82,"column":34}},"40":{"start":{"line":83,"column":7},"end":{"line":100,"column":1}},"41":{"start":{"line":84,"column":2},"end":{"line":84,"column":37}},"42":{"start":{"line":85,"column":7},"end":{"line":100,"column":1}},"43":{"start":{"line":86,"column":2},"end":{"line":86,"column":16}},"44":{"start":{"line":87,"column":7},"end":{"line":100,"column":1}},"45":{"start":{"line":88,"column":2},"end":{"line":88,"column":23}},"46":{"start":{"line":89,"column":7},"end":{"line":100,"column":1}},"47":{"start":{"line":90,"column":2},"end":{"line":90,"column":20}},"48":{"start":{"line":91,"column":7},"end":{"line":100,"column":1}},"49":{"start":{"line":92,"column":2},"end":{"line":92,"column":21}},"50":{"start":{"line":93,"column":7},"end":{"line":100,"column":1}},"51":{"start":{"line":94,"column":2},"end":{"line":94,"column":30}},"52":{"start":{"line":95,"column":7},"end":{"line":100,"column":1}},"53":{"start":{"line":96,"column":2},"end":{"line":96,"column":34}},"54":{"start":{"line":98,"column":2},"end":{"line":98,"column":23}},"55":{"start":{"line":99,"column":2},"end":{"line":99,"column":18}}},"branchMap":{"1":{"line":57,"type":"if","locations":[{"start":{"line":57,"column":0},"end":{"line":57,"column":0}},{"start":{"line":57,"column":0},"end":{"line":57,"column":0}}]},"2":{"line":61,"type":"if","locations":[{"start":{"line":61,"column":0},"end":{"line":61,"column":0}},{"start":{"line":61,"column":0},"end":{"line":61,"column":0}}]},"3":{"line":65,"type":"if","locations":[{"start":{"line":65,"column":0},"end":{"line":65,"column":0}},{"start":{"line":65,"column":0},"end":{"line":65,"column":0}}]},"4":{"line":70,"type":"if","locations":[{"start":{"line":70,"column":0},"end":{"line":70,"column":0}},{"start":{"line":70,"column":0},"end":{"line":70,"column":0}}]},"5":{"line":71,"type":"if","locations":[{"start":{"line":71,"column":2},"end":{"line":71,"column":2}},{"start":{"line":71,"column":2},"end":{"line":71,"column":2}}]},"6":{"line":76,"type":"if","locations":[{"start":{"line":76,"column":0},"end":{"line":76,"column":0}},{"start":{"line":76,"column":0},"end":{"line":76,"column":0}}]},"7":{"line":81,"type":"if","locations":[{"start":{"line":81,"column":0},"end":{"line":81,"column":0}},{"start":{"line":81,"column":0},"end":{"line":81,"column":0}}]},"8":{"line":83,"type":"if","locations":[{"start":{"line":83,"column":7},"end":{"line":83,"column":7}},{"start":{"line":83,"column":7},"end":{"line":83,"column":7}}]},"9":{"line":85,"type":"if","locations":[{"start":{"line":85,"column":7},"end":{"line":85,"column":7}},{"start":{"line":85,"column":7},"end":{"line":85,"column":7}}]},"10":{"line":87,"type":"if","locations":[{"start":{"line":87,"column":7},"end":{"line":87,"column":7}},{"start":{"line":87,"column":7},"end":{"line":87,"column":7}}]},"11":{"line":89,"type":"if","locations":[{"start":{"line":89,"column":7},"end":{"line":89,"column":7}},{"start":{"line":89,"column":7},"end":{"line":89,"column":7}}]},"12":{"line":91,"type":"if","locations":[{"start":{"line":91,"column":7},"end":{"line":91,"column":7}},{"start":{"line":91,"column":7},"end":{"line":91,"column":7}}]},"13":{"line":93,"type":"if","locations":[{"start":{"line":93,"column":7},"end":{"line":93,"column":7}},{"start":{"line":93,"column":7},"end":{"line":93,"column":7}}]},"14":{"line":95,"type":"if","locations":[{"start":{"line":95,"column":7},"end":{"line":95,"column":7}},{"start":{"line":95,"column":7},"end":{"line":95,"column":7}}]}},"code":["//#!/usr/bin/env node","","const program = require('commander');","const pkg = require('../package');","const tldr = require('../lib/tldr');","const config = require('../lib/config');","const platform = require('../lib/platform');","","program","  .version(pkg.version)","  .description(pkg.description)","  .usage('command [options]')","  //","  // BASIC OPTIONS","  //","  .option('-l, --list', 'List all commands for the chosen platform in the cache')","  .option('-a, --list-all', 'List all commands in the cache')","  .option('-1, --single-column', 'List single command per line (use with options -l or -a)')","  .option('-r, --random', 'Show a random command')","  .option('-e, --random-example', 'Show a random example')","  .option('-f, --render [file]', 'Render a specific markdown [file]')","  .option('-m, --markdown', 'Output in markdown format')","  .option('-o, --os [type]', 'Override the operating system [linux, osx, sunos]')","  .option('--linux', 'Override the operating system with Linux')","  .option('--osx', 'Override the operating system with OSX')","  .option('--sunos', 'Override the operating system with SunOS')","  .option('-t, --theme [theme]', 'Color theme (simple, base16, ocean)')","  //","  // CACHE MANAGEMENT","  //","  .option('-u, --update', 'Update the local cache')","  .option('-c, --clear-cache', 'Clear the local cache');","","program.on('--help', () => {","  console.log('Examples');","  console.log('');","  console.log('    $ tldr tar');","  console.log('    $ tldr du --os=linux');","  console.log('    $ tldr --list');","  console.log('    $ tldr --list-all');","  console.log('    $ tldr --random');","  console.log('    $ tldr --random-example');","  console.log('');","  console.log('To control the cache');","  console.log('');","  console.log('    $ tldr --update');","  console.log('    $ tldr --clear-cache');","  console.log('');","  console.log('To render a local file (for testing)');","  console.log('');","  console.log('    $ tldr --render /path/to/file.md');","  console.log('');","});","","program.parse(process.argv);","","if (program.linux) {","  program.os = 'linux';","}","","if (program.osx) {","  program.os = 'osx';","}","","if (program.sunos) {","  program.os = 'sunos';","}","","","if (program.os) {","  if (platform.isSupported(program.os)) {","    config.get().platform = program.os;","  }","}","","if (program.theme) {","  // TODO: Validate theme","  config.get().theme = program.theme;","}","","if (program.list) {","  tldr.list(program.singleColumn);","} else if (program.listAll) {","  tldr.listAll(program.singleColumn);","} else if (program.random) {","  tldr.random();","} else if (program.randomExample) {","  tldr.randomExample();","} else if (program.clearCache) {","  tldr.clearCache();","} else if (program.update) {","  tldr.updateCache();","} else if (program.render) {","  tldr.render(program.render);","} else if (program.args.length >= 1) {","  tldr.get(program.args, program);","} else {","  program.outputHelp();","  process.exit(1);","}",""],"l":{"3":1,"4":1,"5":1,"6":1,"7":1,"9":1,"34":1,"35":1,"36":1,"37":1,"38":1,"39":1,"40":1,"41":1,"42":1,"43":1,"44":1,"45":1,"46":1,"47":1,"48":1,"49":1,"50":1,"51":1,"52":1,"55":1,"57":1,"58":0,"61":1,"62":0,"65":1,"66":0,"70":1,"71":0,"72":0,"76":1,"78":0,"81":1,"82":0,"83":1,"84":0,"85":1,"86":0,"87":1,"88":0,"89":1,"90":0,"91":1,"92":0,"93":1,"94":0,"95":1,"96":0,"98":1,"99":1}},"/home/travis/build/npmtest/node-npmtest-tldr/node_modules/tldr/lib/tldr.js":{"path":"/home/travis/build/npmtest/node-npmtest-tldr/node_modules/tldr/lib/tldr.js","s":{"1":1,"2":1,"3":1,"4":1,"5":1,"6":1,"7":1,"8":1,"9":1,"10":1,"11":1,"12":0,"13":0,"14":0,"15":1,"16":0,"17":0,"18":1,"19":0,"20":1,"21":0,"22":0,"23":0,"24":0,"25":0,"26":0,"27":0,"28":0,"29":1,"30":0,"31":0,"32":0,"33":0,"34":0,"35":0,"36":0,"37":0,"38":1,"39":0,"40":0,"41":0,"42":0,"43":0,"44":0,"45":1,"46":0,"47":0,"48":1,"49":0,"50":0,"51":0,"52":0,"53":0,"54":0,"55":1,"56":0,"57":0,"58":0,"59":0,"60":0,"61":0,"62":0,"63":1,"64":0,"65":0,"66":0,"67":0,"68":0,"69":0,"70":0,"71":0,"72":0,"73":0,"74":0,"75":0,"76":0,"77":0,"78":0,"79":0,"80":0,"81":0,"82":0,"83":1,"84":0,"85":0,"86":0,"87":0,"88":0,"89":0,"90":0,"91":1,"92":0,"93":0,"94":0,"95":0,"96":0,"97":0},"b":{"1":[0,0],"2":[0,0],"3":[0,0],"4":[0,0],"5":[0,0],"6":[0,0],"7":[0,0],"8":[0,0],"9":[0,0],"10":[0,0],"11":[0,0],"12":[0,0],"13":[0,0],"14":[0,0],"15":[0,0],"16":[0,0]},"f":{"1":0,"2":0,"3":0,"4":0},"fnMap":{"1":{"name":"printPages","line":88,"loc":{"start":{"line":88,"column":0},"end":{"line":88,"column":41}}},"2":{"name":"printBestPage","line":99,"loc":{"start":{"line":99,"column":0},"end":{"line":99,"column":41}}},"3":{"name":"renderContent","line":136,"loc":{"start":{"line":136,"column":0},"end":{"line":136,"column":41}}},"4":{"name":"checkStale","line":148,"loc":{"start":{"line":148,"column":0},"end":{"line":148,"column":22}}}},"statementMap":{"1":{"start":{"line":3,"column":0},"end":{"line":3,"column":40}},"2":{"start":{"line":4,"column":0},"end":{"line":4,"column":25}},"3":{"start":{"line":5,"column":0},"end":{"line":5,"column":25}},"4":{"start":{"line":6,"column":0},"end":{"line":6,"column":33}},"5":{"start":{"line":7,"column":0},"end":{"line":7,"column":39}},"6":{"start":{"line":8,"column":0},"end":{"line":8,"column":39}},"7":{"start":{"line":9,"column":0},"end":{"line":9,"column":35}},"8":{"start":{"line":10,"column":0},"end":{"line":10,"column":35}},"9":{"start":{"line":11,"column":0},"end":{"line":11,"column":33}},"10":{"start":{"line":12,"column":0},"end":{"line":12,"column":26}},"11":{"start":{"line":14,"column":0},"end":{"line":19,"column":2}},"12":{"start":{"line":15,"column":2},"end":{"line":15,"column":49}},"13":{"start":{"line":16,"column":2},"end":{"line":18,"column":5}},"14":{"start":{"line":17,"column":4},"end":{"line":17,"column":39}},"15":{"start":{"line":21,"column":0},"end":{"line":25,"column":2}},"16":{"start":{"line":22,"column":2},"end":{"line":24,"column":5}},"17":{"start":{"line":23,"column":4},"end":{"line":23,"column":39}},"18":{"start":{"line":27,"column":0},"end":{"line":29,"column":2}},"19":{"start":{"line":28,"column":2},"end":{"line":28,"column":45}},"20":{"start":{"line":31,"column":0},"end":{"line":42,"column":2}},"21":{"start":{"line":32,"column":2},"end":{"line":32,"column":49}},"22":{"start":{"line":33,"column":2},"end":{"line":41,"column":5}},"23":{"start":{"line":34,"column":4},"end":{"line":37,"column":5}},"24":{"start":{"line":35,"column":6},"end":{"line":35,"column":43}},"25":{"start":{"line":36,"column":6},"end":{"line":36,"column":14}},"26":{"start":{"line":38,"column":4},"end":{"line":38,"column":29}},"27":{"start":{"line":39,"column":4},"end":{"line":39,"column":30}},"28":{"start":{"line":40,"column":4},"end":{"line":40,"column":24}},"29":{"start":{"line":44,"column":0},"end":{"line":55,"column":2}},"30":{"start":{"line":45,"column":2},"end":{"line":45,"column":49}},"31":{"start":{"line":46,"column":2},"end":{"line":54,"column":5}},"32":{"start":{"line":47,"column":4},"end":{"line":50,"column":5}},"33":{"start":{"line":48,"column":6},"end":{"line":48,"column":43}},"34":{"start":{"line":49,"column":6},"end":{"line":49,"column":14}},"35":{"start":{"line":51,"column":4},"end":{"line":51,"column":29}},"36":{"start":{"line":52,"column":4},"end":{"line":52,"column":30}},"37":{"start":{"line":53,"column":4},"end":{"line":53,"column":47}},"38":{"start":{"line":57,"column":0},"end":{"line":69,"column":2}},"39":{"start":{"line":59,"column":2},"end":{"line":68,"column":5}},"40":{"start":{"line":60,"column":4},"end":{"line":63,"column":5}},"41":{"start":{"line":61,"column":6},"end":{"line":61,"column":31}},"42":{"start":{"line":62,"column":6},"end":{"line":62,"column":14}},"43":{"start":{"line":65,"column":4},"end":{"line":67,"column":7}},"44":{"start":{"line":66,"column":6},"end":{"line":66,"column":29}},"45":{"start":{"line":71,"column":0},"end":{"line":75,"column":2}},"46":{"start":{"line":72,"column":2},"end":{"line":74,"column":5}},"47":{"start":{"line":73,"column":4},"end":{"line":73,"column":24}},"48":{"start":{"line":77,"column":0},"end":{"line":86,"column":2}},"49":{"start":{"line":78,"column":2},"end":{"line":78,"column":29}},"50":{"start":{"line":79,"column":2},"end":{"line":85,"column":5}},"51":{"start":{"line":80,"column":4},"end":{"line":83,"column":5}},"52":{"start":{"line":81,"column":6},"end":{"line":81,"column":31}},"53":{"start":{"line":82,"column":6},"end":{"line":82,"column":14}},"54":{"start":{"line":84,"column":4},"end":{"line":84,"column":24}},"55":{"start":{"line":88,"column":0},"end":{"line":97,"column":1}},"56":{"start":{"line":89,"column":2},"end":{"line":92,"column":3}},"57":{"start":{"line":90,"column":4},"end":{"line":90,"column":41}},"58":{"start":{"line":91,"column":4},"end":{"line":91,"column":12}},"59":{"start":{"line":93,"column":2},"end":{"line":93,"column":15}},"60":{"start":{"line":94,"column":2},"end":{"line":94,"column":36}},"61":{"start":{"line":95,"column":2},"end":{"line":95,"column":50}},"62":{"start":{"line":96,"column":2},"end":{"line":96,"column":44}},"63":{"start":{"line":99,"column":0},"end":{"line":134,"column":1}},"64":{"start":{"line":101,"column":2},"end":{"line":101,"column":26}},"65":{"start":{"line":104,"column":2},"end":{"line":133,"column":5}},"66":{"start":{"line":106,"column":4},"end":{"line":132,"column":5}},"67":{"start":{"line":108,"column":6},"end":{"line":108,"column":55}},"68":{"start":{"line":109,"column":6},"end":{"line":128,"column":9}},"69":{"start":{"line":110,"column":8},"end":{"line":113,"column":9}},"70":{"start":{"line":111,"column":10},"end":{"line":111,"column":35}},"71":{"start":{"line":112,"column":10},"end":{"line":112,"column":18}},"72":{"start":{"line":115,"column":8},"end":{"line":127,"column":11}},"73":{"start":{"line":116,"column":10},"end":{"line":119,"column":11}},"74":{"start":{"line":117,"column":12},"end":{"line":117,"column":37}},"75":{"start":{"line":118,"column":12},"end":{"line":118,"column":20}},"76":{"start":{"line":120,"column":10},"end":{"line":126,"column":11}},"77":{"start":{"line":121,"column":12},"end":{"line":121,"column":47}},"78":{"start":{"line":122,"column":12},"end":{"line":122,"column":20}},"79":{"start":{"line":124,"column":12},"end":{"line":124,"column":25}},"80":{"start":{"line":125,"column":12},"end":{"line":125,"column":45}},"81":{"start":{"line":130,"column":6},"end":{"line":130,"column":19}},"82":{"start":{"line":131,"column":6},"end":{"line":131,"column":38}},"83":{"start":{"line":136,"column":0},"end":{"line":146,"column":1}},"84":{"start":{"line":137,"column":2},"end":{"line":139,"column":3}},"85":{"start":{"line":138,"column":4},"end":{"line":138,"column":32}},"86":{"start":{"line":140,"column":2},"end":{"line":140,"column":35}},"87":{"start":{"line":141,"column":2},"end":{"line":143,"column":3}},"88":{"start":{"line":142,"column":4},"end":{"line":142,"column":44}},"89":{"start":{"line":144,"column":2},"end":{"line":144,"column":35}},"90":{"start":{"line":145,"column":2},"end":{"line":145,"column":22}},"91":{"start":{"line":148,"column":0},"end":{"line":158,"column":1}},"92":{"start":{"line":149,"column":2},"end":{"line":157,"column":5}},"93":{"start":{"line":150,"column":4},"end":{"line":153,"column":5}},"94":{"start":{"line":151,"column":6},"end":{"line":151,"column":31}},"95":{"start":{"line":152,"column":6},"end":{"line":152,"column":14}},"96":{"start":{"line":154,"column":4},"end":{"line":156,"column":5}},"97":{"start":{"line":155,"column":6},"end":{"line":155,"column":75}}},"branchMap":{"1":{"line":34,"type":"if","locations":[{"start":{"line":34,"column":4},"end":{"line":34,"column":4}},{"start":{"line":34,"column":4},"end":{"line":34,"column":4}}]},"2":{"line":47,"type":"if","locations":[{"start":{"line":47,"column":4},"end":{"line":47,"column":4}},{"start":{"line":47,"column":4},"end":{"line":47,"column":4}}]},"3":{"line":60,"type":"if","locations":[{"start":{"line":60,"column":4},"end":{"line":60,"column":4}},{"start":{"line":60,"column":4},"end":{"line":60,"column":4}}]},"4":{"line":80,"type":"if","locations":[{"start":{"line":80,"column":4},"end":{"line":80,"column":4}},{"start":{"line":80,"column":4},"end":{"line":80,"column":4}}]},"5":{"line":89,"type":"if","locations":[{"start":{"line":89,"column":2},"end":{"line":89,"column":2}},{"start":{"line":89,"column":2},"end":{"line":89,"column":2}}]},"6":{"line":95,"type":"cond-expr","locations":[{"start":{"line":95,"column":33},"end":{"line":95,"column":42}},{"start":{"line":95,"column":45},"end":{"line":95,"column":49}}]},"7":{"line":101,"type":"binary-expr","locations":[{"start":{"line":101,"column":12},"end":{"line":101,"column":19}},{"start":{"line":101,"column":23},"end":{"line":101,"column":25}}]},"8":{"line":106,"type":"if","locations":[{"start":{"line":106,"column":4},"end":{"line":106,"column":4}},{"start":{"line":106,"column":4},"end":{"line":106,"column":4}}]},"9":{"line":110,"type":"if","locations":[{"start":{"line":110,"column":8},"end":{"line":110,"column":8}},{"start":{"line":110,"column":8},"end":{"line":110,"column":8}}]},"10":{"line":116,"type":"if","locations":[{"start":{"line":116,"column":10},"end":{"line":116,"column":10}},{"start":{"line":116,"column":10},"end":{"line":116,"column":10}}]},"11":{"line":120,"type":"if","locations":[{"start":{"line":120,"column":10},"end":{"line":120,"column":10}},{"start":{"line":120,"column":10},"end":{"line":120,"column":10}}]},"12":{"line":137,"type":"if","locations":[{"start":{"line":137,"column":2},"end":{"line":137,"column":2}},{"start":{"line":137,"column":2},"end":{"line":137,"column":2}}]},"13":{"line":141,"type":"if","locations":[{"start":{"line":141,"column":2},"end":{"line":141,"column":2}},{"start":{"line":141,"column":2},"end":{"line":141,"column":2}}]},"14":{"line":141,"type":"binary-expr","locations":[{"start":{"line":141,"column":6},"end":{"line":141,"column":13}},{"start":{"line":141,"column":17},"end":{"line":141,"column":47}}]},"15":{"line":150,"type":"if","locations":[{"start":{"line":150,"column":4},"end":{"line":150,"column":4}},{"start":{"line":150,"column":4},"end":{"line":150,"column":4}}]},"16":{"line":154,"type":"if","locations":[{"start":{"line":154,"column":4},"end":{"line":154,"column":4}},{"start":{"line":154,"column":4},"end":{"line":154,"column":4}}]}},"code":["'use strict';","","const sample = require('lodash.sample');","const fs = require('fs');","const ms = require('ms');","const cache = require('./cache');","const platform = require('./platform');","const messages = require('./messages');","const parser = require('./parser');","const render = require('./render');","const index = require('./index');","const exit = process.exit;","","exports.list = (singleColumn) => {","  let os = platform.getPreferredPlatformFolder();","  index.commandsFor(os, (commands) => {","    printPages(commands, singleColumn);","  });","};","","exports.listAll = (singleColumn) => {","  index.commands((commands) => {","    printPages(commands, singleColumn);","  });","};","","exports.get = (commands, options) => {","  printBestPage(commands.join('-'), options);","};","","exports.random = () => {","  let os = platform.getPreferredPlatformFolder();","  index.commandsFor(os, (pages) => {","    if (pages.length === 0) {","      console.error(messages.emptyCache());","      exit(1);","    }","    let page = sample(pages);","    console.log('PAGE', page);","    printBestPage(page);","  });","};","","exports.randomExample = () => {","  let os = platform.getPreferredPlatformFolder();","  index.commandsFor(os, (pages) => {","    if (pages.length === 0) {","      console.error(messages.emptyCache());","      exit(1);","    }","    let page = sample(pages);","    console.log('PAGE', page);","    printBestPage(page, {randomExample: true});","  });","};","","exports.render = (file) => {","  // Reading the file","  fs.readFile(file, 'utf8', (err, content) => {","    if (err) {","      console.error(err.stack);","      exit(1);","    }","    // Getting the shortindex first to populate the shortindex var","    index.getShortIndex(() => {","      renderContent(content);","    });","  });","};","","exports.clearCache = () => {","  cache.clear(() => {","    console.log('Done');","  });","};","","exports.updateCache = () => {","  console.log('Updating...');","  cache.update((err) => {","    if (err) {","      console.error(err.stack);","      exit(1);","    }","    console.log('Done');","  });","};","","function printPages(pages, singleColumn) {","  if (pages.length === 0) {","    console.error(messages.emptyCache());","    exit(1);","  }","  checkStale();","  let endOfLine = require('os').EOL;","  let delimiter = singleColumn ? endOfLine : ', ';","  console.log('\\n' + pages.join(delimiter));","}","","function printBestPage(command, options) {","  // TODO: replace with default parameter if Node v4 support dropped.","  options = options || {};","  /* eslint-disable */ // To allow not checking for err","  // Trying to get the page from cache first","  cache.getPage(command, (err, content) => {","  /* eslint-enable */","    if (!content) {","      // If not found, try to update","      console.log('Page not found. Updating cache ..');","      cache.update((err) => {","        if (err) {","          console.error(err.stack);","          exit(1);","        }","        // And then, try to check in cache again","        cache.getPage(command, (err, content2) => {","          if (err) {","            console.error(err.stack);","            exit(1);","          }","          if (!content2) {","            console.error(messages.notFound());","            exit(1);","          } else {","            checkStale();","            renderContent(content2, options);","          }","        });","      });","    } else { // If found in first try, render it","      checkStale();","      renderContent(content, options);","    }","  });","}","","function renderContent(content, options) {","  if (options.markdown) {","    return console.log(content);","  }","  let page = parser.parse(content);","  if (options && options.randomExample === true) {","    page.examples = [sample(page.examples)];","  }","  let output = render.toANSI(page);","  console.log(output);","}","","function checkStale() {","  cache.lastUpdated((err, stats) => {","    if (err) {","      console.error(err.stack);","      exit(1);","    }","    if (stats.mtime < Date.now() - ms('30d')) {","      console.warn('Cache is out of date, you should run \"tldr --update\"');","    }","  });","}",""],"l":{"3":1,"4":1,"5":1,"6":1,"7":1,"8":1,"9":1,"10":1,"11":1,"12":1,"14":1,"15":0,"16":0,"17":0,"21":1,"22":0,"23":0,"27":1,"28":0,"31":1,"32":0,"33":0,"34":0,"35":0,"36":0,"38":0,"39":0,"40":0,"44":1,"45":0,"46":0,"47":0,"48":0,"49":0,"51":0,"52":0,"53":0,"57":1,"59":0,"60":0,"61":0,"62":0,"65":0,"66":0,"71":1,"72":0,"73":0,"77":1,"78":0,"79":0,"80":0,"81":0,"82":0,"84":0,"88":1,"89":0,"90":0,"91":0,"93":0,"94":0,"95":0,"96":0,"99":1,"101":0,"104":0,"106":0,"108":0,"109":0,"110":0,"111":0,"112":0,"115":0,"116":0,"117":0,"118":0,"120":0,"121":0,"122":0,"124":0,"125":0,"130":0,"131":0,"136":1,"137":0,"138":0,"140":0,"141":0,"142":0,"144":0,"145":0,"148":1,"149":0,"150":0,"151":0,"152":0,"154":0,"155":0}},"/home/travis/build/npmtest/node-npmtest-tldr/node_modules/tldr/lib/cache.js":{"path":"/home/travis/build/npmtest/node-npmtest-tldr/node_modules/tldr/lib/cache.js","s":{"1":1,"2":1,"3":1,"4":1,"5":1,"6":1,"7":1,"8":1,"9":0,"10":1,"11":0,"12":0,"13":0,"14":0,"15":0,"16":0,"17":1,"18":0,"19":1,"20":0,"21":0,"22":0,"23":0,"24":0,"25":0,"26":0,"27":0,"28":0,"29":0,"30":0},"b":{"1":[0,0],"2":[0,0],"3":[0,0],"4":[0,0]},"f":{},"fnMap":{},"statementMap":{"1":{"start":{"line":3,"column":0},"end":{"line":3,"column":31}},"2":{"start":{"line":4,"column":0},"end":{"line":4,"column":29}},"3":{"start":{"line":5,"column":0},"end":{"line":5,"column":35}},"4":{"start":{"line":6,"column":0},"end":{"line":6,"column":35}},"5":{"start":{"line":7,"column":0},"end":{"line":7,"column":39}},"6":{"start":{"line":8,"column":0},"end":{"line":8,"column":33}},"7":{"start":{"line":10,"column":0},"end":{"line":10,"column":60}},"8":{"start":{"line":12,"column":0},"end":{"line":14,"column":2}},"9":{"start":{"line":13,"column":2},"end":{"line":13,"column":30}},"10":{"start":{"line":16,"column":0},"end":{"line":26,"column":2}},"11":{"start":{"line":17,"column":2},"end":{"line":17,"column":64}},"12":{"start":{"line":18,"column":2},"end":{"line":25,"column":5}},"13":{"start":{"line":19,"column":4},"end":{"line":24,"column":5}},"14":{"start":{"line":20,"column":6},"end":{"line":20,"column":76}},"15":{"start":{"line":21,"column":6},"end":{"line":21,"column":42}},"16":{"start":{"line":23,"column":6},"end":{"line":23,"column":23}},"17":{"start":{"line":28,"column":0},"end":{"line":30,"column":2}},"18":{"start":{"line":29,"column":2},"end":{"line":29,"column":32}},"19":{"start":{"line":32,"column":0},"end":{"line":54,"column":2}},"20":{"start":{"line":34,"column":2},"end":{"line":53,"column":5}},"21":{"start":{"line":35,"column":4},"end":{"line":37,"column":5}},"22":{"start":{"line":36,"column":6},"end":{"line":36,"column":23}},"23":{"start":{"line":39,"column":4},"end":{"line":52,"column":7}},"24":{"start":{"line":40,"column":6},"end":{"line":42,"column":7}},"25":{"start":{"line":41,"column":8},"end":{"line":41,"column":25}},"26":{"start":{"line":44,"column":6},"end":{"line":51,"column":9}},"27":{"start":{"line":45,"column":8},"end":{"line":47,"column":9}},"28":{"start":{"line":46,"column":10},"end":{"line":46,"column":27}},"29":{"start":{"line":48,"column":8},"end":{"line":50,"column":11}},"30":{"start":{"line":49,"column":10},"end":{"line":49,"column":24}}},"branchMap":{"1":{"line":19,"type":"if","locations":[{"start":{"line":19,"column":4},"end":{"line":19,"column":4}},{"start":{"line":19,"column":4},"end":{"line":19,"column":4}}]},"2":{"line":35,"type":"if","locations":[{"start":{"line":35,"column":4},"end":{"line":35,"column":4}},{"start":{"line":35,"column":4},"end":{"line":35,"column":4}}]},"3":{"line":40,"type":"if","locations":[{"start":{"line":40,"column":6},"end":{"line":40,"column":6}},{"start":{"line":40,"column":6},"end":{"line":40,"column":6}}]},"4":{"line":45,"type":"if","locations":[{"start":{"line":45,"column":8},"end":{"line":45,"column":8}},{"start":{"line":45,"column":8},"end":{"line":45,"column":8}}]}},"code":["'use strict';","","const fs = require('fs-extra');","const path = require('path');","const config = require('./config');","const remote = require('./remote');","const platform = require('./platform');","const index = require('./index');","","const CACHE_FOLDER = path.join(config.get().cache, 'cache');","","exports.lastUpdated = (done) => {","  fs.stat(CACHE_FOLDER, done);","};","","exports.getPage = (page, done) => {","  let preferredPlatform = platform.getPreferredPlatformFolder();","  index.findPlatform(page, preferredPlatform, (folder) => {","    if (folder) {","      let filePath = path.join(CACHE_FOLDER, 'pages', folder, page + '.md');","      fs.readFile(filePath, 'utf8', done);","    } else {","      done(null, null);","    }","  });","};","","exports.clear = (done) => {","  fs.remove(CACHE_FOLDER, done);","};","","exports.update = (done) => {","  //
[...]
olumn":15},"end":{"line":5,"column":26}}},"2":{"name":"(anonymous_2)","line":9,"loc":{"start":{"line":9,"column":15},"end":{"line":9,"column":26}}},"3":{"name":"(anonymous_3)","line":13,"loc":{"start":{"line":13,"column":8},"end":{"line":13,"column":15}}},"4":{"name":"(anonymous_4)","line":18,"loc":{"start":{"line":18,"column":20},"end":{"line":18,"column":31}}},"5":{"name":"(anonymous_5)","line":25,"loc":{"start":{"line":25,"column":10},"end":{"line":25,"column":26}}}},"statementMap":{"1":{"start":{"line":1,"column":0},"end":{"line":1,"column":29}},"2":{"start":{"line":2,"column":0},"end":{"line":2,"column":27}},"3":{"start":{"line":4,"column":0},"end":{"line":38,"column":2}},"4":{"start":{"line":6,"column":4},"end":{"line":6,"column":34}},"5":{"start":{"line":10,"column":4},"end":{"line":10,"column":42}},"6":{"start":{"line":14,"column":4},"end":{"line":14,"column":40}},"7":{"start":{"line":19,"column":4},"end":{"line":22,"column":6}},"8":{"start":{"line":20,"column":6},"end":{"line":21,"column":51}},"9":{"start":{"line":26,"column":4},"end":{"line":26,"column":36}},"10":{"start":{"line":27,"column":4},"end":{"line":27,"column":30}},"11":{"start":{"line":28,"column":4},"end":{"line":35,"column":7}},"12":{"start":{"line":29,"column":6},"end":{"line":34,"column":7}},"13":{"start":{"line":30,"column":8},"end":{"line":30,"column":65}},"14":{"start":{"line":33,"column":8},"end":{"line":33,"column":59}},"15":{"start":{"line":36,"column":4},"end":{"line":36,"column":20}}},"branchMap":{"1":{"line":20,"type":"binary-expr","locations":[{"start":{"line":20,"column":13},"end":{"line":20,"column":52}},{"start":{"line":21,"column":11},"end":{"line":21,"column":50}}]},"2":{"line":27,"type":"binary-expr","locations":[{"start":{"line":27,"column":15},"end":{"line":27,"column":23}},{"start":{"line":27,"column":27},"end":{"line":27,"column":29}}]},"3":{"line":29,"type":"if","locations":[{"start":{"line":29,"column":6},"end":{"line":29,"column":6}},{"start":{"line":29,"column":6},"end":{"line":29,"column":6}}]}},"code":["var fs = require('fs-extra');","var path = require('path');","","module.exports = {","  parsePlatform(pagefile) {","    return path.dirname(pagefile);","  },","","  parsePagename(pagefile) {","    return path.basename(pagefile, '.md');","  },","","  isPage(file) {","    return path.extname(file) === '.md';","  },","","  // TODO: remove this","  commandSupportedOn(platform) {","    return (command) => {","      return command.platform.indexOf(platform) >= 0","        || command.platform.indexOf('common') >= 0;","    };","  },","","  walkSync(dir, filelist) {","    var files = fs.readdirSync(dir);","    filelist = filelist || [];","    files.forEach((file) => {","      if (fs.statSync(path.join(dir, file)).isDirectory()) {","        filelist = this.walkSync(path.join(dir, file), filelist);","      }","      else {","        filelist.push(path.join(path.basename(dir), file));","      }","    });","    return filelist;","  }","};",""],"l":{"1":1,"2":1,"4":1,"6":0,"10":0,"14":0,"19":0,"20":0,"26":0,"27":0,"28":0,"29":0,"30":0,"33":0,"36":0}},"/home/travis/build/npmtest/node-npmtest-tldr/node_modules/tldr/lib/messages.js":{"path":"/home/travis/build/npmtest/node-npmtest-tldr/node_modules/tldr/lib/messages.js","s":{"1":1,"2":1,"3":0,"4":0},"b":{},"f":{"1":0,"2":0},"fnMap":{"1":{"name":"(anonymous_1)","line":4,"loc":{"start":{"line":4,"column":12},"end":{"line":4,"column":15}}},"2":{"name":"(anonymous_2)","line":9,"loc":{"start":{"line":9,"column":10},"end":{"line":9,"column":13}}}},"statementMap":{"1":{"start":{"line":1,"column":0},"end":{"line":1,"column":35}},"2":{"start":{"line":3,"column":0},"end":{"line":14,"column":2}},"3":{"start":{"line":5,"column":4},"end":{"line":6,"column":26}},"4":{"start":{"line":10,"column":4},"end":{"line":12,"column":52}}},"branchMap":{},"code":["const config = require('./config');","","module.exports = {","  emptyCache() {","    return `Local cache is empty","Please run tldr --update`;","  },","","  notFound() {","    return `Page not found","Try updating with \"tldr --update\", or submit a pull request to:","https://github.com/` + config.get().pagesRepository;","  }","};",""],"l":{"1":1,"3":1,"5":0,"10":0}},"/home/travis/build/npmtest/node-npmtest-tldr/node_modules/tldr/lib/parser.js":{"path":"/home/travis/build/npmtest/node-npmtest-tldr/node_modules/tldr/lib/parser.js","s":{"1":1,"2":1,"3":1,"4":1,"5":1,"6":1,"7":0,"8":1,"9":0,"10":0,"11":0,"12":0,"13":0,"14":0,"15":0,"16":0,"17":0,"18":0,"19":0,"20":0,"21":0,"22":0,"23":0,"24":0,"25":0,"26":0,"27":0,"28":0,"29":0,"30":0,"31":0,"32":0,"33":0,"34":0,"35":0,"36":0,"37":0,"38":0,"39":0,"40":0,"41":0},"b":{"1":[0,0],"2":[0,0],"3":[0,0],"4":[0,0],"5":[0,0],"6":[0,0],"7":[0,0]},"f":{"1":0},"fnMap":{"1":{"name":"unhtml","line":14,"loc":{"start":{"line":14,"column":0},"end":{"line":14,"column":21}}}},"statementMap":{"1":{"start":{"line":3,"column":0},"end":{"line":3,"column":44}},"2":{"start":{"line":4,"column":0},"end":{"line":4,"column":33}},"3":{"start":{"line":5,"column":0},"end":{"line":5,"column":31}},"4":{"start":{"line":6,"column":0},"end":{"line":6,"column":33}},"5":{"start":{"line":8,"column":0},"end":{"line":12,"column":2}},"6":{"start":{"line":14,"column":0},"end":{"line":16,"column":1}},"7":{"start":{"line":15,"column":2},"end":{"line":15,"column":24}},"8":{"start":{"line":18,"column":0},"end":{"line":93,"column":2}},"9":{"start":{"line":20,"column":2},"end":{"line":25,"column":4}},"10":{"start":{"line":27,"column":2},"end":{"line":27,"column":32}},"11":{"start":{"line":30,"column":2},"end":{"line":32,"column":5}},"12":{"start":{"line":31,"column":4},"end":{"line":31,"column":32}},"13":{"start":{"line":31,"column":19},"end":{"line":31,"column":29}},"14":{"start":{"line":36,"column":2},"end":{"line":48,"column":4}},"15":{"start":{"line":37,"column":4},"end":{"line":41,"column":5}},"16":{"start":{"line":38,"column":6},"end":{"line":40,"column":7}},"17":{"start":{"line":39,"column":8},"end":{"line":39,"column":32}},"18":{"start":{"line":42,"column":4},"end":{"line":42,"column":56}},"19":{"start":{"line":44,"column":4},"end":{"line":46,"column":5}},"20":{"start":{"line":45,"column":6},"end":{"line":45,"column":34}},"21":{"start":{"line":47,"column":4},"end":{"line":47,"column":16}},"22":{"start":{"line":52,"column":2},"end":{"line":54,"column":4}},"23":{"start":{"line":53,"column":4},"end":{"line":53,"column":16}},"24":{"start":{"line":56,"column":2},"end":{"line":61,"column":4}},"25":{"start":{"line":57,"column":4},"end":{"line":59,"column":5}},"26":{"start":{"line":58,"column":6},"end":{"line":58,"column":30}},"27":{"start":{"line":60,"column":4},"end":{"line":60,"column":16}},"28":{"start":{"line":63,"column":2},"end":{"line":66,"column":4}},"29":{"start":{"line":64,"column":4},"end":{"line":64,"column":37}},"30":{"start":{"line":65,"column":4},"end":{"line":65,"column":16}},"31":{"start":{"line":68,"column":2},"end":{"line":70,"column":4}},"32":{"start":{"line":69,"column":4},"end":{"line":69,"column":28}},"33":{"start":{"line":72,"column":2},"end":{"line":74,"column":4}},"34":{"start":{"line":73,"column":4},"end":{"line":73,"column":30}},"35":{"start":{"line":76,"column":2},"end":{"line":81,"column":4}},"36":{"start":{"line":77,"column":4},"end":{"line":79,"column":7}},"37":{"start":{"line":80,"column":4},"end":{"line":80,"column":16}},"38":{"start":{"line":83,"column":2},"end":{"line":86,"column":5}},"39":{"start":{"line":88,"column":2},"end":{"line":90,"column":5}},"40":{"start":{"line":89,"column":4},"end":{"line":89,"column":47}},"41":{"start":{"line":92,"column":2},"end":{"line":92,"column":14}}},"branchMap":{"1":{"line":37,"type":"if","locations":[{"start":{"line":37,"column":4},"end":{"line":37,"column":4}},{"start":{"line":37,"column":4},"end":{"line":37,"column":4}}]},"2":{"line":37,"type":"binary-expr","locations":[{"start":{"line":37,"column":8},"end":{"line":37,"column":27}},{"start":{"line":37,"column":31},"end":{"line":37,"column":49}}]},"3":{"line":38,"type":"if","locations":[{"start":{"line":38,"column":6},"end":{"line":38,"column":6}},{"start":{"line":38,"column":6},"end":{"line":38,"column":6}}]},"4":{"line":44,"type":"if","locations":[{"start":{"line":44,"column":4},"end":{"line":44,"column":4}},{"start":{"line":44,"column":4},"end":{"line":44,"column":4}}]},"5":{"line":44,"type":"binary-expr","locations":[{"start":{"line":44,"column":8},"end":{"line":44,"column":15}},{"start":{"line":44,"column":19},"end":{"line":44,"column":32}}]},"6":{"line":57,"type":"if","locations":[{"start":{"line":57,"column":4},"end":{"line":57,"column":4}},{"start":{"line":57,"column":4},"end":{"line":57,"column":4}}]},"7":{"line":89,"type":"binary-expr","locations":[{"start":{"line":89,"column":11},"end":{"line":89,"column":30}},{"start":{"line":89,"column":34},"end":{"line":89,"column":46}}]}},"code":["'use strict';","","const unescape = require('lodash.unescape');","const marked = require('marked');","const chalk = require('chalk');","const index = require('./index');","","const allElements = [","  'blockquote', 'html', 'strong', 'em', 'br', 'del',","  'heading', 'hr', 'image', 'link', 'list', 'listitem',","  'paragraph', 'strikethrough', 'table', 'tablecell', 'tablerow'","];","","function unhtml(text){","  return unescape(text);","}","","exports.parse = (markdown) => {","  // Creating the page structure","  let page = {","    name: '',","    description: '',","    examples: [],","    seeAlso: []","  };","  // Initializing the markdown renderer","  let r = new marked.Renderer();","","  // ignore all syntax by default","  allElements.forEach((e) => {","    r[e] = () => { return ''; };","  });","","  // Overriding the different elements to incorporate the custom tldr format","","  r.codespan = (text) => {","    if (index.hasPage(text) && text !== page.name) {","      if (page.seeAlso.indexOf(text) < 0) {","        page.seeAlso.push(text);","      }","    }","    let example = page.examples[page.examples.length-1];","    // If example exists and a code is already not added","    if (example && !example.code) {","      example.code = unhtml(text);","    }","    return text;","  };","","","  // paragraphs just pass through (automatically created by new lines)","  r.paragraph = (text) => {","    return text;","  };","","  r.heading = (text, level) => {","    if (level === 1) {","      page.name = text.trim();","    }","    return text;","  };","","  r.blockquote = (text) => {","    page.description += unhtml(text);","    return text;","  };","","  r.strong = (text) => {","    return chalk.bold(text);","  };","","  r.em = (text) => {","    return chalk.italic(text);","  };","","  r.listitem = (text) => {","    page.examples.push({","      description: unhtml(text)","    });","    return text;","  };","","  marked(markdown, {","    renderer: r,","    sanitize: true","  });","","  page.examples = page.examples.filter((example) => {","    return example.description && example.code;","  });","","  return page;","};",""],"l":{"3":1,"4":1,"5":1,"6":1,"8":1,"14":1,"15":0,"18":1,"20":0,"27":0,"30":0,"31":0,"36":0,"37":0,"38":0,"39":0,"42":0,"44":0,"45":0,"47":0,"52":0,"53":0,"56":0,"57":0,"58":0,"60":0,"63":0,"64":0,"65":0,"68":0,"69":0,"72":0,"73":0,"76":0,"77":0,"80":0,"83":0,"88":0,"89":0,"92":0}},"/home/travis/build/npmtest/node-npmtest-tldr/node_modules/tldr/lib/render.js":{"path":"/home/travis/build/npmtest/node-npmtest-tldr/node_modules/tldr/lib/render.js","s":{"1":1,"2":1,"3":1,"4":0,"5":0,"6":1,"7":0,"8":0,"9":0,"10":0,"11":0,"12":0,"13":0,"14":0,"15":0,"16":0,"17":0,"18":0,"19":0,"20":0,"21":0,"22":0,"23":0,"24":0,"25":0},"b":{"1":[0,0],"2":[0,0],"3":[0,0]},"f":{"1":0,"2":0},"fnMap":{"1":{"name":"highlight","line":13,"loc":{"start":{"line":13,"column":2},"end":{"line":13,"column":27}}},"2":{"name":"(anonymous_2)","line":16,"loc":{"start":{"line":16,"column":33},"end":{"line":16,"column":57}}}},"statementMap":{"1":{"start":{"line":3,"column":0},"end":{"line":3,"column":33}},"2":{"start":{"line":4,"column":0},"end":{"line":4,"column":35}},"3":{"start":{"line":8,"column":0},"end":{"line":46,"column":2}},"4":{"start":{"line":10,"column":2},"end":{"line":10,"column":61}},"5":{"start":{"line":11,"column":2},"end":{"line":11,"column":38}},"6":{"start":{"line":13,"column":2},"end":{"line":22,"column":3}},"7":{"start":{"line":14,"column":4},"end":{"line":14,"column":44}},"8":{"start":{"line":16,"column":4},"end":{"line":21,"column":11}},"9":{"start":{"line":17,"column":6},"end":{"line":19,"column":7}},"10":{"start":{"line":18,"column":8},"end":{"line":18,"column":53}},"11":{"start":{"line":20,"column":6},"end":{"line":20,"column":50}},"12":{"start":{"line":25,"column":2},"end":{"line":25,"column":18}},"13":{"start":{"line":28,"column":2},"end":{"line":28,"column":57}},"14":{"start":{"line":29,"column":2},"end":{"line":29,"column":18}},"15":{"start":{"line":30,"column":2},"end":{"line":30,"column":91}},"16":{"start":{"line":31,"column":2},"end":{"line":31,"column":18}},"17":{"start":{"line":33,"column":2},"end":{"line":37,"column":5}},"18":{"start":{"line":34,"column":4},"end":{"line":34,"column":78}},"19":{"start":{"line":35,"column":4},"end":{"line":35,"column":41}},"20":{"start":{"line":36,"column":4},"end":{"line":36,"column":20}},"21":{"start":{"line":39,"column":2},"end":{"line":43,"column":3}},"22":{"start":{"line":40,"column":4},"end":{"line":40,"column":20}},"23":{"start":{"line":41,"column":4},"end":{"line":41,"column":56}},"24":{"start":{"line":42,"column":4},"end":{"line":42,"column":20}},"25":{"start":{"line":45,"column":2},"end":{"line":45,"column":41}}},"branchMap":{"1":{"line":17,"type":"if","locations":[{"start":{"line":17,"column":6},"end":{"line":17,"column":6}},{"start":{"line":17,"column":6},"end":{"line":17,"column":6}}]},"2":{"line":39,"type":"if","locations":[{"start":{"line":39,"column":2},"end":{"line":39,"column":2}},{"start":{"line":39,"column":2},"end":{"line":39,"column":2}}]},"3":{"line":39,"type":"binary-expr","locations":[{"start":{"line":39,"column":6},"end":{"line":39,"column":18}},{"start":{"line":39,"column":22},"end":{"line":39,"column":45}}]}},"code":["'use strict';","","const Theme = require('./theme');","const config = require('./config');","","// The page structure is passed to this function, and then the theme is applied","// to different parts of the page and rendered to the console","exports.toANSI = (page) => {","  // Creating the theme object","  let themeOptions = config.get().themes[config.get().theme];","  let theme = new Theme(themeOptions);","","  function highlight(code) {","    let parts = code.split(/\\{\\{(.*?)\\}\\}/);","    // every second part is a token","    return '    ' + parts.reduce(function(memo, item, i) {","      if (i % 2) {","        return memo + theme.renderExampleToken(item);","      }","      return memo + theme.renderExampleCode(item);","    }, '');","  }","","  // Creating an array where each line is an element in it","  let output = [];","","  // Pushing each line by extracting the page parts and applying the theme to it","  output.push('  ' + theme.renderCommandName(page.name));","  output.push('');","  output.push('  ' + theme.renderMainDescription(page.description.replace(/\\n/g, '\\n  ')));","  output.push('');","","  page.examples.forEach((example) => {","    output.push(theme.renderExampleDescription('  - ' + example.description));","    output.push(highlight(example.code));","    output.push('');","  });","","  if (page.seeAlso && page.seeAlso.length > 0) {","    output.push('');","    output.push('See also: ' + page.seeAlso.join(', '));","    output.push('');","  }","","  return '\\n' + output.join('\\n') + '\\n';","};",""],"l":{"3":1,"4":1,"8":1,"10":0,"11":0,"13":1,"14":0,"16":0,"17":0,"18":0,"20":0,"25":0,"28":0,"29":0,"30":0,"31":0,"33":0,"34":0,"35":0,"36":0,"39":0,"40":0,"41":0,"42":0,"45":0}},"/home/travis/build/npmtest/node-npmtest-tldr/node_modules/tldr/lib/theme.js":{"path":"/home/travis/build/npmtest/node-npmtest-tldr/node_modules/tldr/lib/theme.js","s":{"1":1,"2":1,"3":1,"4":1,"5":1,"6":0,"7":0,"8":0,"9":0,"10":0,"11":0,"12":0,"13":0,"14":0,"15":0,"16":0,"17":0,"18":0,"19":1},"b":{"1":[0,0]},"f":{"1":0,"2":0,"3":0,"4":0,"5":0,"6":0,"7":0,"8":0},"fnMap":{"1":{"name":"buildStylingFunction","line":10,"loc":{"start":{"line":10,"column":0},"end":{"line":10,"column":38}}},"2":{"name":"(anonymous_2)","line":20,"loc":{"start":{"line":20,"column":13},"end":{"line":20,"column":23}}},"3":{"name":"(anonymous_3)","line":24,"loc":{"start":{"line":24,"column":20},"end":{"line":24,"column":31}}},"4":{"name":"(anonymous_4)","line":29,"loc":{"start":{"line":29,"column":19},"end":{"line":29,"column":26}}},"5":{"name":"(anonymous_5)","line":33,"loc":{"start":{"line":33,"column":23},"end":{"line":33,"column":30}}},"6":{"name":"(anonymous_6)","line":37,"loc":{"start":{"line":37,"column":26},"end":{"line":37,"column":33}}},"7":{"name":"(anonymous_7)","line":41,"loc":{"start":{"line":41,"column":19},"end":{"line":41,"column":26}}},"8":{"name":"(anonymous_8)","line":45,"loc":{"start":{"line":45,"column":20},"end":{"line":45,"column":27}}}},"statementMap":{"1":{"start":{"line":3,"column":0},"end":{"line":3,"column":34}},"2":{"start":{"line":4,"column":0},"end":{"line":4,"column":42}},"3":{"start":{"line":5,"column":0},"end":{"line":5,"column":44}},"4":{"start":{"line":6,"column":0},"end":{"line":6,"column":31}},"5":{"start":{"line":10,"column":0},"end":{"line":17,"column":1}},"6":{"start":{"line":11,"column":2},"end":{"line":13,"column":3}},"7":{"start":{"line":12,"column":4},"end":{"line":12,"column":20}},"8":{"start":{"line":14,"column":2},"end":{"line":14,"column":30}},"9":{"start":{"line":15,"column":2},"end":{"line":15,"column":48}},"10":{"start":{"line":16,"column":2},"end":{"line":16,"column":42}},"11":{"start":{"line":21,"column":4},"end":{"line":21,"column":25}},"12":{"start":{"line":25,"column":4},"end":{"line":25,"column":38}},"13":{"start":{"line":26,"column":4},"end":{"line":26,"column":40}},"14":{"start":{"line":30,"column":4},"end":{"line":30,"column":56}},"15":{"start":{"line":34,"column":4},"end":{"line":34,"column":60}},"16":{"start":{"line":38,"column":4},"end":{"line":38,"column":63}},"17":{"start":{"line":42,"column":4},"end":{"line":42,"column":56}},"18":{"start":{"line":46,"column":4},"end":{"line":46,"column":57}},"19":{"start":{"line":50,"column":0},"end":{"line":50,"column":23}}},"branchMap":{"1":{"line":11,"type":"if","locations":[{"start":{"line":11,"column":2},"end":{"line":11,"column":2}},{"start":{"line":11,"column":2},"end":{"line":11,"column":2}}]}},"code":["'use strict';","","const get = require('lodash.get');","const isEmpty = require('lodash.isempty');","const identity = require('lodash.identity');","const chalk = require('chalk');","","// Translates strings like 'red, underline, bold'","// into function chalk.red.underline.bold(text)","function buildStylingFunction(styles) {","  if (isEmpty(styles)) {","    return identity;","  }","  let stylingFunction = chalk;","  let stylesPath = styles.replace(/,\\s*/g, '.');","  return get(stylingFunction, stylesPath);","}","","class Theme {","  constructor(options) {","    this.theme = options;","  }","","  getStylingFunction(partName) {","    let styles = this.theme[partName];","    return buildStylingFunction(styles);","  }","","  renderCommandName(text) {","    return this.getStylingFunction('commandName')(text);","  }","","  renderMainDescription(text) {","    return this.getStylingFunction('mainDescription')(text);","  }","","  renderExampleDescription(text) {","    return this.getStylingFunction('exampleDescription')(text);","  }","","  renderExampleCode(text) {","    return this.getStylingFunction('exampleCode')(text);","  }","","  renderExampleToken(text) {","    return this.getStylingFunction('exampleToken')(text);","  }","}","","module.exports = Theme;",""],"l":{"3":1,"4":1,"5":1,"6":1,"10":1,"11":0,"12":0,"14":0,"15":0,"16":0,"21":0,"25":0,"26":0,"30":0,"34":0,"38":0,"42":0,"46":0,"50":1}}}